        -:    0:Source:C:/eu/ubb/2nd_Semester/oop/lab6-2iteratie/Domain.cpp
        -:    0:Graph:C:\eu\ubb\2nd_Semester\oop\lab6-2iteratie\cmake-build-debug-coverage\CMakeFiles\lab6.dir\Domain.cpp.gcno
        -:    0:Data:C:\eu\ubb\2nd_Semester\oop\lab6-2iteratie\cmake-build-debug-coverage\CMakeFiles\lab6.dir\Domain.cpp.gcda
        -:    0:Runs:1
        -:    1://
        -:    2:// Created by sorn on 01-Apr-24.
        -:    3://
        -:    4:
        -:    5:#include "Domain.h"
        -:    6:#include<cassert>
function _ZNK10Disciplina11getDenumireB5cxx11Ev called 58 returned 100% blocks executed 100%
       58:    7:string Disciplina::getDenumire() const{
       58:    8:    return this->denumire;
       58:    8-block  0
call    0 returned 58
        -:    9:}
function _ZNK10Disciplina6getOreEv called 31 returned 100% blocks executed 100%
       31:   10:int Disciplina::getOre() const {
       31:   11:    return this->ore;
       31:   11-block  0
        -:   12:}
function _ZNK10Disciplina6getTipB5cxx11Ev called 26 returned 100% blocks executed 100%
       26:   13:string Disciplina::getTip() const {
       26:   14:    return this->tip;
       26:   14-block  0
call    0 returned 26
        -:   15:}
function _ZNK10Disciplina16getCadruDidacticB5cxx11Ev called 58 returned 100% blocks executed 100%
       58:   16:string Disciplina::getCadruDidactic() const {
       58:   17:    return this->cadruDidactic;
       58:   17-block  0
call    0 returned 58
        -:   18:}
function _ZN10Disciplina11setDenumireENSt7__cxx1112basic_stringIcSt11char_traitsIcESaIcEEE called 1 returned 100% blocks executed 100%
        1:   19:void Disciplina::setDenumire(const string newDenumire) {
        1:   20:    this->denumire=newDenumire;
        1:   20-block  0
call    0 returned 1
        1:   21:}
function _ZN10Disciplina6setOreEi called 3 returned 100% blocks executed 100%
        3:   22:void Disciplina::setOre(int newOre) {
        3:   23:    this->ore=newOre;
        3:   24:}
function _ZN10Disciplina6setTipENSt7__cxx1112basic_stringIcSt11char_traitsIcESaIcEEE called 3 returned 100% blocks executed 100%
        3:   25:void Disciplina::setTip(const string newTip) {
        3:   26:    this->tip=newTip;
        3:   26-block  0
call    0 returned 3
        3:   27:}
function _ZN10Disciplina16setCadruDidacticENSt7__cxx1112basic_stringIcSt11char_traitsIcESaIcEEE called 1 returned 100% blocks executed 100%
        1:   28:void Disciplina::setCadruDidactic(const string newCadruDidactic) {
        1:   29:    this->cadruDidactic=newCadruDidactic;
        1:   29-block  0
call    0 returned 1
        1:   30:}
function _ZlsRSoRK10Disciplina called 0 returned 0% blocks executed 0%
    #####:   31:std::ostream& operator<<(std::ostream& stream, const Disciplina& m) {
    #####:   32:    stream << "Disciplina [Denumire: " << m.getDenumire() << "; Ore: " << m.getOre() << "; Tip: " << m.getTip()<< "; Cadru Didactic: " << m.getCadruDidactic() << "]" << endl;
    %%%%%:   32-block  0
call    0 never executed
call    1 never executed
branch  2 never executed (fallthrough)
branch  3 never executed (throw)
    %%%%%:   32-block  1
call    4 never executed
branch  5 never executed (fallthrough)
branch  6 never executed (throw)
    %%%%%:   32-block  2
call    7 never executed
branch  8 never executed (fallthrough)
branch  9 never executed (throw)
    %%%%%:   32-block  3
call   10 never executed
call   11 never executed
branch 12 never executed (fallthrough)
branch 13 never executed (throw)
    %%%%%:   32-block  4
call   14 never executed
branch 15 never executed (fallthrough)
branch 16 never executed (throw)
    %%%%%:   32-block  5
call   17 never executed
branch 18 never executed (fallthrough)
branch 19 never executed (throw)
    %%%%%:   32-block  6
call   20 never executed
branch 21 never executed (fallthrough)
branch 22 never executed (throw)
    %%%%%:   32-block  7
call   23 never executed
branch 24 never executed (fallthrough)
branch 25 never executed (throw)
    %%%%%:   32-block  8
call   26 never executed
branch 27 never executed (fallthrough)
branch 28 never executed (throw)
    %%%%%:   32-block  9
call   29 never executed
branch 30 never executed (fallthrough)
branch 31 never executed (throw)
    %%%%%:   32-block 10
call   32 never executed
branch 33 never executed (fallthrough)
branch 34 never executed (throw)
    %%%%%:   32-block 11
call   35 never executed
branch 36 never executed (fallthrough)
branch 37 never executed (throw)
    %%%%%:   32-block 12
call   38 never executed
call   39 never executed
call   40 never executed
    $$$$$:   32-block 13
call   41 never executed
    $$$$$:   32-block 14
    $$$$$:   32-block 15
call   42 never executed
    $$$$$:   32-block 16
    $$$$$:   32-block 17
call   43 never executed
    #####:   33:    return stream;
    %%%%%:   33-block  0
        -:   34:}
function _Z10testGetSetv called 1 returned 100% blocks executed 53%
        1:   35:void testGetSet(){
        1:   35-block  0
        5:   36:    Disciplina disci1{ "Analiza",4 ,"Obligatorie","Berinde"};
        1:   36-block  0
call    0 returned 1
branch  1 taken 1 (fallthrough)
branch  2 taken 0 (throw)
        1:   36-block  1
call    3 returned 1
branch  4 taken 1 (fallthrough)
branch  5 taken 0 (throw)
        1:   36-block  2
call    6 returned 1
branch  7 taken 1 (fallthrough)
branch  8 taken 0 (throw)
        1:   36-block  3
call    9 returned 1
branch 10 taken 1 (fallthrough)
branch 11 taken 0 (throw)
        1:   36-block  4
call   12 returned 1
call   13 returned 1
call   14 returned 1
    $$$$$:   36-block  5
call   15 never executed
    $$$$$:   36-block  6
    $$$$$:   36-block  7
    $$$$$:   36-block  8
call   16 never executed
    $$$$$:   36-block  9
    $$$$$:   36-block 10
    $$$$$:   36-block 11
call   17 never executed
    $$$$$:   36-block 12
    $$$$$:   36-block 13
       1*:   37:    assert(disci1.getDenumire()=="Analiza");
call    0 returned 1
branch  1 taken 1 (fallthrough)
branch  2 taken 0 (throw)
        1:   37-block  0
call    3 returned 1
branch  4 taken 1 (fallthrough)
branch  5 taken 0 (throw)
        1:   37-block  1
branch  6 taken 0 (fallthrough)
branch  7 taken 1
    %%%%%:   37-block  2
call    8 never executed
        1:   37-block  3
        1:   37-block  4
branch  9 taken 1 (fallthrough)
branch 10 taken 0
        1:   37-block  5
call   11 returned 1
    $$$$$:   37-block  6
branch 12 never executed (fallthrough)
branch 13 never executed
    $$$$$:   37-block  7
call   14 never executed
    $$$$$:   37-block  8
       1*:   38:    assert(disci1.getOre()==4);
        1:   38-block  0
call    0 returned 1
branch  1 taken 0 (fallthrough)
branch  2 taken 1
    %%%%%:   38-block  1
call    3 never executed
        1:   38-block  2
       1*:   39:    assert(disci1.getTip()=="Obligatorie");
        1:   39-block  0
call    0 returned 1
branch  1 taken 1 (fallthrough)
branch  2 taken 0 (throw)
        1:   39-block  1
call    3 returned 1
branch  4 taken 1 (fallthrough)
branch  5 taken 0 (throw)
        1:   39-block  2
branch  6 taken 0 (fallthrough)
branch  7 taken 1
    %%%%%:   39-block  3
call    8 never executed
        1:   39-block  4
        1:   39-block  5
branch  9 taken 1 (fallthrough)
branch 10 taken 0
        1:   39-block  6
call   11 returned 1
    $$$$$:   39-block  7
branch 12 never executed (fallthrough)
branch 13 never executed
    $$$$$:   39-block  8
call   14 never executed
    $$$$$:   39-block  9
       1*:   40:    assert(disci1.getCadruDidactic()=="Berinde");
        1:   40-block  0
call    0 returned 1
branch  1 taken 1 (fallthrough)
branch  2 taken 0 (throw)
        1:   40-block  1
call    3 returned 1
branch  4 taken 1 (fallthrough)
branch  5 taken 0 (throw)
        1:   40-block  2
branch  6 taken 0 (fallthrough)
branch  7 taken 1
    %%%%%:   40-block  3
call    8 never executed
        1:   40-block  4
        1:   40-block  5
branch  9 taken 1 (fallthrough)
branch 10 taken 0
        1:   40-block  6
call   11 returned 1
        1:   40-block  7
    $$$$$:   40-block  8
branch 12 never executed (fallthrough)
branch 13 never executed
    $$$$$:   40-block  9
call   14 never executed
    $$$$$:   40-block 10
        -:   41:
        5:   42:    Disciplina disci2{ "Logica",8 ,"Obligatorie","Pop"};
        1:   42-block  0
call    0 returned 1
branch  1 taken 1 (fallthrough)
branch  2 taken 0 (throw)
        1:   42-block  1
call    3 returned 1
branch  4 taken 1 (fallthrough)
branch  5 taken 0 (throw)
        1:   42-block  2
call    6 returned 1
branch  7 taken 1 (fallthrough)
branch  8 taken 0 (throw)
        1:   42-block  3
call    9 returned 1
branch 10 taken 1 (fallthrough)
branch 11 taken 0 (throw)
        1:   42-block  4
call   12 returned 1
call   13 returned 1
call   14 returned 1
    $$$$$:   42-block  5
call   15 never executed
    $$$$$:   42-block  6
    $$$$$:   42-block  7
    $$$$$:   42-block  8
call   16 never executed
    $$$$$:   42-block  9
    $$$$$:   42-block 10
    $$$$$:   42-block 11
call   17 never executed
    $$$$$:   42-block 12
    $$$$$:   42-block 13
       1*:   43:    assert(disci2.getDenumire()=="Logica");
call    0 returned 1
branch  1 taken 1 (fallthrough)
branch  2 taken 0 (throw)
        1:   43-block  0
call    3 returned 1
branch  4 taken 1 (fallthrough)
branch  5 taken 0 (throw)
        1:   43-block  1
branch  6 taken 0 (fallthrough)
branch  7 taken 1
    %%%%%:   43-block  2
call    8 never executed
        1:   43-block  3
        1:   43-block  4
branch  9 taken 1 (fallthrough)
branch 10 taken 0
        1:   43-block  5
call   11 returned 1
    $$$$$:   43-block  6
branch 12 never executed (fallthrough)
branch 13 never executed
    $$$$$:   43-block  7
call   14 never executed
    $$$$$:   43-block  8
       1*:   44:    assert(disci2.getOre()==8);
        1:   44-block  0
call    0 returned 1
branch  1 taken 0 (fallthrough)
branch  2 taken 1
    %%%%%:   44-block  1
call    3 never executed
        1:   44-block  2
       1*:   45:    assert(disci2.getTip()=="Obligatorie");
        1:   45-block  0
call    0 returned 1
branch  1 taken 1 (fallthrough)
branch  2 taken 0 (throw)
        1:   45-block  1
call    3 returned 1
branch  4 taken 1 (fallthrough)
branch  5 taken 0 (throw)
        1:   45-block  2
branch  6 taken 0 (fallthrough)
branch  7 taken 1
    %%%%%:   45-block  3
call    8 never executed
        1:   45-block  4
        1:   45-block  5
branch  9 taken 1 (fallthrough)
branch 10 taken 0
        1:   45-block  6
call   11 returned 1
    $$$$$:   45-block  7
branch 12 never executed (fallthrough)
branch 13 never executed
    $$$$$:   45-block  8
call   14 never executed
    $$$$$:   45-block  9
       1*:   46:    assert(disci2.getCadruDidactic()=="Pop");
        1:   46-block  0
call    0 returned 1
branch  1 taken 1 (fallthrough)
branch  2 taken 0 (throw)
        1:   46-block  1
call    3 returned 1
branch  4 taken 1 (fallthrough)
branch  5 taken 0 (throw)
        1:   46-block  2
branch  6 taken 0 (fallthrough)
branch  7 taken 1
    %%%%%:   46-block  3
call    8 never executed
        1:   46-block  4
        1:   46-block  5
branch  9 taken 1 (fallthrough)
branch 10 taken 0
        1:   46-block  6
call   11 returned 1
        1:   46-block  7
    $$$$$:   46-block  8
branch 12 never executed (fallthrough)
branch 13 never executed
    $$$$$:   46-block  9
call   14 never executed
    $$$$$:   46-block 10
        -:   47:
        1:   48:    disci2.setDenumire("LC");
        1:   48-block  0
call    0 returned 1
branch  1 taken 1 (fallthrough)
branch  2 taken 0 (throw)
        1:   48-block  1
call    3 returned 1
branch  4 taken 1 (fallthrough)
branch  5 taken 0 (throw)
        1:   48-block  2
call    6 returned 1
    $$$$$:   48-block  3
call    7 never executed
    $$$$$:   48-block  4
    $$$$$:   48-block  5
        1:   49:    disci2.setOre(10);
call    0 returned 1
        2:   50:    disci2.setTip("Obliga");
        1:   50-block  0
call    0 returned 1
branch  1 taken 1 (fallthrough)
branch  2 taken 0 (throw)
        1:   50-block  1
call    3 returned 1
branch  4 taken 1 (fallthrough)
branch  5 taken 0 (throw)
        1:   50-block  2
call    6 returned 1
    $$$$$:   50-block  3
call    7 never executed
    $$$$$:   50-block  4
    $$$$$:   50-block  5
        1:   51:    disci2.setCadruDidactic("Pop Andreea");
        1:   51-block  0
call    0 returned 1
branch  1 taken 1 (fallthrough)
branch  2 taken 0 (throw)
        1:   51-block  1
call    3 returned 1
branch  4 taken 1 (fallthrough)
branch  5 taken 0 (throw)
        1:   51-block  2
call    6 returned 1
    $$$$$:   51-block  3
call    7 never executed
    $$$$$:   51-block  4
    $$$$$:   51-block  5
        -:   52:
       1*:   53:    assert(disci2.getDenumire()=="LC");
call    0 returned 1
branch  1 taken 1 (fallthrough)
branch  2 taken 0 (throw)
        1:   53-block  0
call    3 returned 1
branch  4 taken 1 (fallthrough)
branch  5 taken 0 (throw)
        1:   53-block  1
branch  6 taken 0 (fallthrough)
branch  7 taken 1
    %%%%%:   53-block  2
call    8 never executed
        1:   53-block  3
        1:   53-block  4
branch  9 taken 1 (fallthrough)
branch 10 taken 0
        1:   53-block  5
call   11 returned 1
    $$$$$:   53-block  6
branch 12 never executed (fallthrough)
branch 13 never executed
    $$$$$:   53-block  7
call   14 never executed
    $$$$$:   53-block  8
       1*:   54:    assert(disci2.getOre()==10);
        1:   54-block  0
call    0 returned 1
branch  1 taken 0 (fallthrough)
branch  2 taken 1
    %%%%%:   54-block  1
call    3 never executed
        1:   54-block  2
       1*:   55:    assert(disci2.getTip()=="Obliga");
        1:   55-block  0
call    0 returned 1
branch  1 taken 1 (fallthrough)
branch  2 taken 0 (throw)
        1:   55-block  1
call    3 returned 1
branch  4 taken 1 (fallthrough)
branch  5 taken 0 (throw)
        1:   55-block  2
branch  6 taken 0 (fallthrough)
branch  7 taken 1
    %%%%%:   55-block  3
call    8 never executed
        1:   55-block  4
        1:   55-block  5
branch  9 taken 1 (fallthrough)
branch 10 taken 0
        1:   55-block  6
call   11 returned 1
    $$$$$:   55-block  7
branch 12 never executed (fallthrough)
branch 13 never executed
    $$$$$:   55-block  8
call   14 never executed
    $$$$$:   55-block  9
       1*:   56:    assert(disci2.getCadruDidactic()=="Pop Andreea");
        1:   56-block  0
call    0 returned 1
branch  1 taken 1 (fallthrough)
branch  2 taken 0 (throw)
        1:   56-block  1
call    3 returned 1
branch  4 taken 1 (fallthrough)
branch  5 taken 0 (throw)
        1:   56-block  2
branch  6 taken 0 (fallthrough)
branch  7 taken 1
    %%%%%:   56-block  3
call    8 never executed
        1:   56-block  4
        1:   56-block  5
branch  9 taken 1 (fallthrough)
branch 10 taken 0
        1:   56-block  6
call   11 returned 1
    $$$$$:   56-block  7
branch 12 never executed (fallthrough)
branch 13 never executed
    $$$$$:   56-block  8
call   14 never executed
    $$$$$:   56-block  9
        -:   57:
        1:   58:}
        1:   58-block  0
call    0 returned 1
call    1 returned 1
    $$$$$:   58-block  1
call    2 never executed
    $$$$$:   58-block  2
call    3 never executed
function _Z11testeDomainv called 1 returned 100% blocks executed 100%
        1:   59:void testeDomain(){
        1:   60:    testGetSet();
        1:   60-block  0
call    0 returned 1
        1:   61:}
