        -:    0:Source:C:/eu/ubb/2nd_Semester/oop/lab6-2iteratie/main.cpp
        -:    0:Graph:C:\eu\ubb\2nd_Semester\oop\lab6-2iteratie\cmake-build-debug-coverage\CMakeFiles\lab6.dir\main.cpp.gcno
        -:    0:Data:C:\eu\ubb\2nd_Semester\oop\lab6-2iteratie\cmake-build-debug-coverage\CMakeFiles\lab6.dir\main.cpp.gcda
        -:    0:Runs:1
        -:    1:#include "UI.h"
        -:    2:#include <iostream>
        -:    3:using std::cout;
        -:    4:using std::endl;
        -:    5:/*
        -:    6: 5 Contract de studii
        -:    7:Creați o aplicație care permite:
        -:    8:· gestiunea unei liste de discipline. Disciplina: denumire, ore pe săptămâna, tip, cadru
        -:    9:didactic
        -:   10:· adăugare, ștergere, modificare și afișare discipline
        -:   11:· căutare disciplina
        -:   12:· filtrare discipline după: nr ore, cadru didactic
        -:   13:· sortare discipline după: denumire, nr ore, cadru didactic + tip
        -:   14: */
function _Z7testAllv called 1 returned 100% blocks executed 100%
        1:   15:void testAll(){
        1:   16:    testeDomain();
        1:   16-block  0
call    0 returned 1
        1:   17:    testeRepo();
call    0 returned 1
        1:   18:    testeService();
call    0 returned 1
        1:   19:    cout<<"Finished tests";
call    0 returned 1
        1:   20:}
function _Z8startAppv called 0 returned 0% blocks executed 0%
    #####:   21:void startApp(){
    #####:   22:    DisciplinaRepository repo;
    %%%%%:   22-block  0
call    0 never executed
branch  1 never executed (fallthrough)
branch  2 never executed (throw)
        -:   23:    DisciplinaValidator val;
    #####:   24:    DisciplinaService srv{repo,val};
    %%%%%:   24-block  0
call    0 never executed
    #####:   25:    ConsoleUI ui{srv};
call    0 never executed
    #####:   26:    ui.run();
call    0 never executed
branch  1 never executed (fallthrough)
branch  2 never executed (throw)
    #####:   27:}
    %%%%%:   27-block  0
call    0 never executed
    $$$$$:   27-block  1
call    1 never executed
function main called 1 returned 100% blocks executed 100%
        1:   28:int main() {
        1:   29:    testAll();
        1:   29-block  0
call    0 returned 1
        -:   30:    //startApp();
        1:   31:    return 0;
        -:   32:}
