        -:    0:Source:C:/eu/ubb/2nd_Semester/oop/lab6-2iteratie/Domain.h
        -:    0:Graph:C:\eu\ubb\2nd_Semester\oop\lab6-2iteratie\cmake-build-debug-coverage\CMakeFiles\lab6.dir\main.cpp.gcno
        -:    0:Data:C:\eu\ubb\2nd_Semester\oop\lab6-2iteratie\cmake-build-debug-coverage\CMakeFiles\lab6.dir\main.cpp.gcda
        -:    0:Runs:1
        -:    1://
        -:    2:// Created by sorn on 01-Apr-24.
        -:    3://
        -:    4:
        -:    5:#ifndef LAB6_DOMAIN_H
        -:    6:#define LAB6_DOMAIN_H
        -:    7:#include <string>
        -:    8:#include <iostream>
        -:    9:using std::string;
        -:   10:using std::cout;
        -:   11:using std::endl;
        -:   12:using std::ostream;
        -:   13:class Disciplina{
        -:   14:    private:
        -:   15:        string denumire{""};
        -:   16:        int ore{0};
        -:   17:        string tip{""};
        -:   18:        string cadruDidactic{""};
        -:   19:public:
function _ZN10DisciplinaC1Ev called 46 returned 100% blocks executed 54%
      322:   20:    Disciplina()=default;
       46:   20-block  0
       46:   20-block  1
call    0 returned 46
branch  1 taken 46 (fallthrough)
branch  2 taken 0 (throw)
       46:   20-block  2
call    3 returned 46
branch  4 taken 46 (fallthrough)
branch  5 taken 0 (throw)
       46:   20-block  3
call    6 returned 46
branch  7 taken 46 (fallthrough)
branch  8 taken 0 (throw)
    $$$$$:   20-block  4
call    9 never executed
    $$$$$:   20-block  5
    $$$$$:   20-block  6
    $$$$$:   20-block  7
call   10 never executed
    $$$$$:   20-block  8
call   11 never executed
        -:   21:    Disciplina(string denumire,int ore, string tip,string cadruDidactic ):denumire{denumire},ore{ore},tip{tip},cadruDidactic{cadruDidactic}{};
        -:   22:    //constructor copiere
        -:   23:    Disciplina(const Disciplina& disci): denumire{disci.denumire},ore{disci.ore},tip{disci.tip},cadruDidactic{disci.cadruDidactic}{
        -:   24:        cout<<" [Disciplina] Copy constructor called.\n";
        -:   25:    };
        -:   26:    string getDenumire() const;
        -:   27:    int getOre() const;
        -:   28:    string getTip() const;
        -:   29:    string getCadruDidactic() const;
        -:   30:
        -:   31:    void setDenumire(const string newDenumire);
        -:   32:    void setOre(int newOre);
        -:   33:    void setTip(const string newTip);
        -:   34:    void setCadruDidactic(const string newCadruDidactic);
        -:   35:
        -:   36:    bool operator==(const Disciplina& other) const{
        -:   37:        return(other.denumire==this->denumire && other.cadruDidactic==this->cadruDidactic);
        -:   38:    }
        -:   39:    friend std::ostream& operator<<(std::ostream& stream, const Disciplina& m);
        -:   40:
        -:   41:};
        -:   42:void testeDomain();
        -:   43:#endif //LAB6_DOMAIN_H
