        -:    0:Source:C:/eu/ubb/2nd_Semester/oop/lab6-2iteratie/Domain.h
        -:    0:Graph:C:\eu\ubb\2nd_Semester\oop\lab6-2iteratie\cmake-build-debug-coverage\CMakeFiles\lab6.dir\Repository.cpp.gcno
        -:    0:Data:C:\eu\ubb\2nd_Semester\oop\lab6-2iteratie\cmake-build-debug-coverage\CMakeFiles\lab6.dir\Repository.cpp.gcda
        -:    0:Runs:1
        -:    1://
        -:    2:// Created by sorn on 01-Apr-24.
        -:    3://
        -:    4:
        -:    5:#ifndef LAB6_DOMAIN_H
        -:    6:#define LAB6_DOMAIN_H
        -:    7:#include <string>
        -:    8:#include <iostream>
        -:    9:using std::string;
        -:   10:using std::cout;
        -:   11:using std::endl;
        -:   12:using std::ostream;
        -:   13:class Disciplina{
        -:   14:    private:
        -:   15:        string denumire{""};
        -:   16:        int ore{0};
        -:   17:        string tip{""};
        -:   18:        string cadruDidactic{""};
        -:   19:public:
function _ZN10DisciplinaC1Ev called 0 returned 0% blocks executed 0%
    #####:   20:    Disciplina()=default;
    %%%%%:   20-block  0
    %%%%%:   20-block  1
call    0 never executed
branch  1 never executed (fallthrough)
branch  2 never executed (throw)
    %%%%%:   20-block  2
call    3 never executed
branch  4 never executed (fallthrough)
branch  5 never executed (throw)
    %%%%%:   20-block  3
call    6 never executed
branch  7 never executed (fallthrough)
branch  8 never executed (throw)
    $$$$$:   20-block  4
call    9 never executed
    $$$$$:   20-block  5
    $$$$$:   20-block  6
    $$$$$:   20-block  7
call   10 never executed
    $$$$$:   20-block  8
call   11 never executed
function _ZN10DisciplinaC1ENSt7__cxx1112basic_stringIcSt11char_traitsIcESaIcEEEiS5_S5_ called 17 returned 100% blocks executed 62%
       17:   21:    Disciplina(string denumire,int ore, string tip,string cadruDidactic ):denumire{denumire},ore{ore},tip{tip},cadruDidactic{cadruDidactic}{};
       17:   21-block  0
call    0 returned 17
call    1 returned 17
branch  2 taken 17 (fallthrough)
branch  3 taken 0 (throw)
       17:   21-block  1
call    4 returned 17
branch  5 taken 17 (fallthrough)
branch  6 taken 0 (throw)
       17:   21-block  2
    $$$$$:   21-block  3
call    7 never executed
    $$$$$:   21-block  4
call    8 never executed
        -:   22:    //constructor copiere
function _ZN10DisciplinaC1ERKS_ called 0 returned 0% blocks executed 0%
    #####:   23:    Disciplina(const Disciplina& disci): denumire{disci.denumire},ore{disci.ore},tip{disci.tip},cadruDidactic{disci.cadruDidactic}{
    %%%%%:   23-block  0
call    0 never executed
call    1 never executed
branch  2 never executed (fallthrough)
branch  3 never executed (throw)
    %%%%%:   23-block  1
call    4 never executed
branch  5 never executed (fallthrough)
branch  6 never executed (throw)
    #####:   24:        cout<<" [Disciplina] Copy constructor called.\n";
    %%%%%:   24-block  0
call    0 never executed
branch  1 never executed (fallthrough)
branch  2 never executed (throw)
    #####:   25:    };
    %%%%%:   25-block  0
    $$$$$:   25-block  1
call    0 never executed
    $$$$$:   25-block  2
call    1 never executed
    $$$$$:   25-block  3
call    2 never executed
        -:   26:    string getDenumire() const;
        -:   27:    int getOre() const;
        -:   28:    string getTip() const;
        -:   29:    string getCadruDidactic() const;
        -:   30:
        -:   31:    void setDenumire(const string newDenumire);
        -:   32:    void setOre(int newOre);
        -:   33:    void setTip(const string newTip);
        -:   34:    void setCadruDidactic(const string newCadruDidactic);
        -:   35:
function _ZNK10DisciplinaeqERKS_ called 5 returned 100% blocks executed 88%
        5:   36:    bool operator==(const Disciplina& other) const{
       5*:   37:        return(other.denumire==this->denumire && other.cadruDidactic==this->cadruDidactic);
        5:   37-block  0
call    0 returned 5
branch  1 taken 5 (fallthrough)
branch  2 taken 0
        5:   37-block  1
call    3 returned 5
branch  4 taken 5 (fallthrough)
branch  5 taken 0
        5:   37-block  2
    %%%%%:   37-block  3
        5:   37-block  4
        -:   38:    }
        -:   39:    friend std::ostream& operator<<(std::ostream& stream, const Disciplina& m);
        -:   40:
        -:   41:};
        -:   42:void testeDomain();
        -:   43:#endif //LAB6_DOMAIN_H
