        -:    0:Source:C:/eu/ubb/2nd_Semester/oop/lab6-2iteratie/validator.h
        -:    0:Graph:C:\eu\ubb\2nd_Semester\oop\lab6-2iteratie\cmake-build-debug-coverage\CMakeFiles\lab6.dir\Service.cpp.gcno
        -:    0:Data:C:\eu\ubb\2nd_Semester\oop\lab6-2iteratie\cmake-build-debug-coverage\CMakeFiles\lab6.dir\Service.cpp.gcda
        -:    0:Runs:1
        -:    1://
        -:    2:// Created by sorn on 04-Apr-24.
        -:    3://
        -:    4:
        -:    5:#ifndef LAB6_VALIDATOR_H
        -:    6:#define LAB6_VALIDATOR_H
        -:    7:#include "Domain.h"
        -:    8:#include<vector>
        -:    9:#include<string>
        -:   10:using std::string;
        -:   11:using std::vector;
        -:   12:
        -:   13:class ValidatorException{
        -:   14:    vector<string> errorMsg;
        -:   15:public:
function _ZN18ValidatorExceptionC1ESt6vectorINSt7__cxx1112basic_stringIcSt11char_traitsIcESaIcEEESaIS6_EE called 0 returned 0% blocks executed 0%
    #####:   16:    ValidatorException(vector<string> error):errorMsg{error}{};
    %%%%%:   16-block  0
call    0 never executed
        -:   17:
        -:   18:    string getErrorMessages(){
        -:   19:        string fullmsg="";
        -:   20:        for(const string e:errorMsg)
        -:   21:            fullmsg+= e+"\n";
        -:   22:        return fullmsg;
        -:   23:    }
        -:   24:};
        -:   25:class DisciplinaValidator{
        -:   26:public:
function _ZN19DisciplinaValidator9valideazaERK10Disciplina called 11 returned 100% blocks executed 23%
       11:   27:    void valideaza(const Disciplina& disci){
       11:   28:        vector<string> errors;
       11:   28-block  0
call    0 returned 11
       11:   29:        if(disci.getDenumire().length()<2)
call    0 returned 11
branch  1 taken 11 (fallthrough)
branch  2 taken 0 (throw)
       11:   29-block  0
call    3 returned 11
call    4 returned 11
branch  5 taken 0 (fallthrough)
branch  6 taken 11
    $$$$$:   29-block  1
    #####:   30:            errors.push_back("Denumirea trebuie sa aiba cel putin 2 litere");
    %%%%%:   30-block  0
call    0 never executed
branch  1 never executed (fallthrough)
branch  2 never executed (throw)
    %%%%%:   30-block  1
call    3 never executed
branch  4 never executed (fallthrough)
branch  5 never executed (throw)
    %%%%%:   30-block  2
call    6 never executed
    $$$$$:   30-block  3
call    7 never executed
    $$$$$:   30-block  4
    $$$$$:   30-block  5
       11:   31:        if(disci.getOre()<=0)
       11:   31-block  0
call    0 returned 11
branch  1 taken 11 (fallthrough)
branch  2 taken 0 (throw)
       11:   31-block  1
branch  3 taken 0 (fallthrough)
branch  4 taken 11
    #####:   32:            errors.push_back("Orele trebuie sa fie numere pozitive");
    %%%%%:   32-block  0
call    0 never executed
branch  1 never executed (fallthrough)
branch  2 never executed (throw)
    %%%%%:   32-block  1
call    3 never executed
branch  4 never executed (fallthrough)
branch  5 never executed (throw)
    %%%%%:   32-block  2
call    6 never executed
    $$$$$:   32-block  3
call    7 never executed
    $$$$$:   32-block  4
    $$$$$:   32-block  5
       11:   33:        if(disci.getTip().length()<2)
       11:   33-block  0
call    0 returned 11
branch  1 taken 11 (fallthrough)
branch  2 taken 0 (throw)
       11:   33-block  1
call    3 returned 11
call    4 returned 11
branch  5 taken 0 (fallthrough)
branch  6 taken 11
    $$$$$:   33-block  2
    #####:   34:            errors.push_back("Tipul trebuie sa aiba cel putin 2 litere");
    %%%%%:   34-block  0
call    0 never executed
branch  1 never executed (fallthrough)
branch  2 never executed (throw)
    %%%%%:   34-block  1
call    3 never executed
branch  4 never executed (fallthrough)
branch  5 never executed (throw)
    %%%%%:   34-block  2
call    6 never executed
    $$$$$:   34-block  3
call    7 never executed
    $$$$$:   34-block  4
    $$$$$:   34-block  5
       11:   35:        if(disci.getCadruDidactic().length()<2)
       11:   35-block  0
call    0 returned 11
branch  1 taken 11 (fallthrough)
branch  2 taken 0 (throw)
       11:   35-block  1
call    3 returned 11
call    4 returned 11
branch  5 taken 0 (fallthrough)
branch  6 taken 11
    $$$$$:   35-block  2
    #####:   36:            errors.push_back("Profesorul trebuie sa aiba cel putin 2 litere");
    %%%%%:   36-block  0
call    0 never executed
branch  1 never executed (fallthrough)
branch  2 never executed (throw)
    %%%%%:   36-block  1
call    3 never executed
branch  4 never executed (fallthrough)
branch  5 never executed (throw)
    %%%%%:   36-block  2
call    6 never executed
    $$$$$:   36-block  3
call    7 never executed
    $$$$$:   36-block  4
    $$$$$:   36-block  5
       11:   37:        if(errors.size()>0){
       11:   37-block  0
call    0 returned 11
branch  1 taken 0 (fallthrough)
branch  2 taken 11
    #####:   38:            throw ValidatorException(errors);
    %%%%%:   38-block  0
call    0 never executed
call    1 never executed
branch  2 never executed (fallthrough)
branch  3 never executed (throw)
    %%%%%:   38-block  1
call    4 never executed
branch  5 never executed (fallthrough)
branch  6 never executed (throw)
    %%%%%:   38-block  2
call    7 never executed
call    8 never executed
    $$$$$:   38-block  3
call    9 never executed
    $$$$$:   38-block  4
    $$$$$:   38-block  5
call   10 never executed
        -:   39:        }
       11:   40:    }
       11:   40-block  0
call    0 returned 11
    $$$$$:   40-block  1
call    1 never executed
        -:   41:};
        -:   42:#endif //LAB6_VALIDATOR_H
