        -:    0:Source:C:/eu/ubb/2nd_Semester/oop/lab6-2iteratie/Domain.h
        -:    0:Graph:C:\eu\ubb\2nd_Semester\oop\lab6-2iteratie\cmake-build-debug-coverage\CMakeFiles\lab6.dir\UI.cpp.gcno
        -:    0:Data:C:\eu\ubb\2nd_Semester\oop\lab6-2iteratie\cmake-build-debug-coverage\CMakeFiles\lab6.dir\UI.cpp.gcda
        -:    0:Runs:1
        -:    1://
        -:    2:// Created by sorn on 01-Apr-24.
        -:    3://
        -:    4:
        -:    5:#ifndef LAB6_DOMAIN_H
        -:    6:#define LAB6_DOMAIN_H
        -:    7:#include <string>
        -:    8:#include <iostream>
        -:    9:using std::string;
        -:   10:using std::cout;
        -:   11:using std::endl;
        -:   12:using std::ostream;
        -:   13:class Disciplina{
        -:   14:    private:
        -:   15:        string denumire{""};
        -:   16:        int ore{0};
        -:   17:        string tip{""};
        -:   18:        string cadruDidactic{""};
        -:   19:public:
        -:   20:    Disciplina()=default;
        -:   21:    Disciplina(string denumire,int ore, string tip,string cadruDidactic ):denumire{denumire},ore{ore},tip{tip},cadruDidactic{cadruDidactic}{};
        -:   22:    //constructor copiere
function _ZN10DisciplinaC1ERKS_ called 16 returned 100% blocks executed 55%
       16:   23:    Disciplina(const Disciplina& disci): denumire{disci.denumire},ore{disci.ore},tip{disci.tip},cadruDidactic{disci.cadruDidactic}{
       16:   23-block  0
call    0 returned 16
call    1 returned 16
branch  2 taken 16 (fallthrough)
branch  3 taken 0 (throw)
       16:   23-block  1
call    4 returned 16
branch  5 taken 16 (fallthrough)
branch  6 taken 0 (throw)
       16:   24:        cout<<" [Disciplina] Copy constructor called.\n";
       16:   24-block  0
call    0 returned 16
branch  1 taken 16 (fallthrough)
branch  2 taken 0 (throw)
       16:   25:    };
       16:   25-block  0
    $$$$$:   25-block  1
call    0 never executed
    $$$$$:   25-block  2
call    1 never executed
    $$$$$:   25-block  3
call    2 never executed
        -:   26:    string getDenumire() const;
        -:   27:    int getOre() const;
        -:   28:    string getTip() const;
        -:   29:    string getCadruDidactic() const;
        -:   30:
        -:   31:    void setDenumire(const string newDenumire);
        -:   32:    void setOre(int newOre);
        -:   33:    void setTip(const string newTip);
        -:   34:    void setCadruDidactic(const string newCadruDidactic);
        -:   35:
        -:   36:    bool operator==(const Disciplina& other) const{
        -:   37:        return(other.denumire==this->denumire && other.cadruDidactic==this->cadruDidactic);
        -:   38:    }
        -:   39:    friend std::ostream& operator<<(std::ostream& stream, const Disciplina& m);
        -:   40:
        -:   41:};
        -:   42:void testeDomain();
        -:   43:#endif //LAB6_DOMAIN_H
