        -:    0:Source:C:/eu/ubb/2nd_Semester/oop/Lab5_EDUARD/domain/domain.c
        -:    0:Graph:C:\eu\ubb\2nd_Semester\oop\Lab5_EDUARD\cmake-build-debug-mingw-coverage\CMakeFiles\Lab5_EDUARD.dir\domain\domain.c.gcno
        -:    0:Data:C:\eu\ubb\2nd_Semester\oop\Lab5_EDUARD\cmake-build-debug-mingw-coverage\CMakeFiles\Lab5_EDUARD.dir\domain\domain.c.gcda
        -:    0:Runs:1
        -:    1:#include"domain.h"
        -:    2:#include<malloc.h>
        -:    3:#include<string.h>
        -:    4:
function crearePr called 35 returned 100% blocks executed 100%
       35:    5:extern Produs* crearePr(char* nume, char* producator, int cantitate)
        -:    6:{
       35:    7:    Produs* material=(Produs*) malloc(sizeof (Produs));
        -:    8:
       35:    9:    material->denumire = (char*)malloc(strlen(nume) + 1);
       35:   10:    if(material->denumire != NULL)
       35:   10-block  0
branch  0 taken 35 (fallthrough)
branch  1 taken 0
       35:   11:        strcpy(material->denumire, nume);
       35:   11-block  0
        -:   12:
       35:   13:    material->producator = (char*)malloc(strlen(producator) + 1);
       35:   14:    if (material->producator != NULL)
       35:   14-block  0
branch  0 taken 35 (fallthrough)
branch  1 taken 0
       35:   15:        strcpy(material->producator, producator);
       35:   15-block  0
        -:   16:
       35:   17:    material->cantitate = cantitate;
       35:   18:    return material;
       35:   18-block  0
        -:   19:}
function duplicatePr called 12 returned 100% blocks executed 100%
       12:   20:extern Produs* duplicatePr(Produs* Pr){
       12:   21:    Produs* duplicat= crearePr(Pr->denumire,Pr->producator,Pr->cantitate);
       12:   21-block  0
call    0 returned 12
       12:   22:    return duplicat;
        -:   23:}
function destroyPr called 34 returned 100% blocks executed 100%
       34:   24:extern Produs destroyPr(Produs* tr){
       34:   25:    free(tr->denumire);
       34:   26:    free(tr->producator);
       34:   27:    free(tr);
       34:   28:}
