        -:    0:Source:C:/Users/sorn/Desktop/practicoop/Observer.h
        -:    0:Graph:C:\Users\sorn\Desktop\practicoop\cmake-build-debug-coverage\CMakeFiles\practicoop.dir\GUI.cpp.gcno
        -:    0:Data:C:\Users\sorn\Desktop\practicoop\cmake-build-debug-coverage\CMakeFiles\practicoop.dir\GUI.cpp.gcda
        -:    0:Runs:1
        -:    1://
        -:    2:// Created by sorn on 27-Jun-24.
        -:    3://
        -:    4:
        -:    5:#ifndef PRACTICOOP_OBSERVER_H
        -:    6:#define PRACTICOOP_OBSERVER_H
        -:    7:#include<vector>
        -:    8:#include<algorithm>
        -:    9:using namespace std;
        -:   10:class Observer{
        -:   11:    public:
        -:   12:        virtual void update()=0;
        -:   13:};
        -:   14:class Observable {
        -:   15:private:
        -:   16:    vector<Observer*> v;
        -:   17:public:
function _ZN10Observable11addObserverEP8Observer called 0 returned 0% blocks executed 0%
    #####:   18:    void addObserver(Observer* obs){
    #####:   19:        v.push_back(obs);
    %%%%%:   19-block  0
call    0 never executed
    #####:   20:    }
        -:   21:    void removeObserver(Observer* obs){
        -:   22:        v.erase(remove(v.begin(),v.end(),obs),v.end());
        -:   23:    }
        -:   24:    void notify(){
        -:   25:        for(const auto& obs:v){
        -:   26:            obs->update();
        -:   27:        }
        -:   28:    }
        -:   29:};
        -:   30:
        -:   31:
        -:   32:#endif //PRACTICOOP_OBSERVER_H
