        -:    0:Source:C:/Users/sorn/Desktop/practicoop/tests.h
        -:    0:Graph:C:\Users\sorn\Desktop\practicoop\cmake-build-debug-coverage\CMakeFiles\practicoop.dir\main.cpp.gcno
        -:    0:Data:C:\Users\sorn\Desktop\practicoop\cmake-build-debug-coverage\CMakeFiles\practicoop.dir\main.cpp.gcda
        -:    0:Runs:1
        -:    1://
        -:    2:// Created by sorn on 27-Jun-24.
        -:    3://
        -:    4:
        -:    5:#ifndef PRACTICOOP_TESTS_H
        -:    6:#define PRACTICOOP_TESTS_H
        -:    7:#include "Domain.h"
        -:    8:#include<assert.h>
        -:    9:#include "Repository.h"
        -:   10:#include "Service.h"
        -:   11:#include <iostream>
function _Z12test_servicev called 1 returned 100% blocks executed 55%
        1:   12:void test_service(){
        1:   12-block  0
        1:   13:    Repository r("C:\\Users\\sorn\\Desktop\\practicoop\\datatest.txt");
        1:   13-block  0
call    0 returned 1
branch  1 taken 1 (fallthrough)
branch  2 taken 0 (throw)
        1:   13-block  1
call    3 returned 1
branch  4 taken 1 (fallthrough)
branch  5 taken 0 (throw)
        1:   13-block  2
call    6 returned 1
    $$$$$:   13-block  3
call    7 never executed
    $$$$$:   13-block  4
    $$$$$:   13-block  5
        1:   14:    Service s(r);
call    0 returned 1
       1*:   15:    assert(s.getAllSorted().size()>5);
call    0 returned 1
branch  1 taken 1 (fallthrough)
branch  2 taken 0 (throw)
        1:   15-block  0
call    3 returned 1
branch  4 taken 0 (fallthrough)
branch  5 taken 1
    %%%%%:   15-block  1
call    6 never executed
        1:   15-block  2
        1:   15-block  3
branch  7 taken 1 (fallthrough)
branch  8 taken 0
        1:   15-block  4
call    9 returned 1
        1:   15-block  5
    $$$$$:   15-block  6
branch 10 never executed (fallthrough)
branch 11 never executed
    $$$$$:   15-block  7
call   12 never executed
    $$$$$:   15-block  8
        -:   16:    try{
       4*:   17:        s.addParcare(67,"Eroilor",20,30,"XXX---");
        1:   17-block  0
call    0 returned 1
branch  1 taken 1 (fallthrough)
branch  2 taken 0 (throw)
        1:   17-block  1
call    3 returned 1
branch  4 taken 1 (fallthrough)
branch  5 taken 0 (throw)
        1:   17-block  2
call    6 returned 1
branch  7 taken 0 (fallthrough)
branch  8 taken 1 (throw)
    %%%%%:   17-block  3
call    9 never executed
call   10 never executed
        1:   17-block  4
call   11 returned 1
        1:   17-block  5
        1:   17-block  6
        1:   17-block  7
call   12 returned 1
        1:   17-block  8
        1:   17-block  9
        -:   18:    }
        1:   19:    catch(std::runtime_error& e){
        1:   19-block  0
branch  0 taken 0 (fallthrough)
branch  1 taken 1
        1:   19-block  1
call    2 returned 1
        -:   20:        assert(true);
        1:   21:    }
call    0 returned 1
        4:   22:    s.addParcare(200,"OK",1,2,"XX");
        1:   22-block  0
call    0 returned 1
branch  1 taken 1 (fallthrough)
branch  2 taken 0 (throw)
        1:   22-block  1
call    3 returned 1
branch  4 taken 1 (fallthrough)
branch  5 taken 0 (throw)
        1:   22-block  2
call    6 returned 1
branch  7 taken 1 (fallthrough)
branch  8 taken 0 (throw)
        1:   22-block  3
call    9 returned 1
call   10 returned 1
    $$$$$:   22-block  4
call   11 never executed
    $$$$$:   22-block  5
    $$$$$:   22-block  6
    $$$$$:   22-block  7
call   12 never executed
    $$$$$:   22-block  8
    $$$$$:   22-block  9
        3:   23:    s.modificaStare(5,"privatia",1,1,"-");
        1:   23-block  0
call    0 returned 1
branch  1 taken 1 (fallthrough)
branch  2 taken 0 (throw)
        1:   23-block  1
call    3 returned 1
branch  4 taken 1 (fallthrough)
branch  5 taken 0 (throw)
        1:   23-block  2
call    6 returned 1
branch  7 taken 1 (fallthrough)
branch  8 taken 0 (throw)
        1:   23-block  3
call    9 returned 1
call   10 returned 1
    $$$$$:   23-block  4
call   11 never executed
    $$$$$:   23-block  5
    $$$$$:   23-block  6
    $$$$$:   23-block  7
call   12 never executed
    $$$$$:   23-block  8
    $$$$$:   23-block  9
       1*:   24:    assert(s.getAllSorted()[0].getStare()=="-");
call    0 returned 1
branch  1 taken 1 (fallthrough)
branch  2 taken 0 (throw)
        1:   24-block  0
call    3 returned 1
call    4 returned 1
branch  5 taken 1 (fallthrough)
branch  6 taken 0 (throw)
        1:   24-block  1
call    7 returned 1
branch  8 taken 1 (fallthrough)
branch  9 taken 0 (throw)
        1:   24-block  2
branch 10 taken 0 (fallthrough)
branch 11 taken 1
    %%%%%:   24-block  3
call   12 never executed
        1:   24-block  4
        1:   24-block  5
branch 13 taken 1 (fallthrough)
branch 14 taken 0
        1:   24-block  6
call   15 returned 1
        1:   24-block  7
branch 16 taken 1 (fallthrough)
branch 17 taken 0
        1:   24-block  8
call   18 returned 1
        1:   24-block  9
    $$$$$:   24-block 10
branch 19 never executed (fallthrough)
branch 20 never executed
    $$$$$:   24-block 11
call   21 never executed
    $$$$$:   24-block 12
    $$$$$:   24-block 13
branch 22 never executed (fallthrough)
branch 23 never executed
    $$$$$:   24-block 14
call   24 never executed
    $$$$$:   24-block 15
        3:   25:    s.modificaStare(5,"privatia",1,1,"X");
        1:   25-block  0
call    0 returned 1
branch  1 taken 1 (fallthrough)
branch  2 taken 0 (throw)
        1:   25-block  1
call    3 returned 1
branch  4 taken 1 (fallthrough)
branch  5 taken 0 (throw)
        1:   25-block  2
call    6 returned 1
branch  7 taken 1 (fallthrough)
branch  8 taken 0 (throw)
        1:   25-block  3
call    9 returned 1
call   10 returned 1
    $$$$$:   25-block  4
call   11 never executed
    $$$$$:   25-block  5
    $$$$$:   25-block  6
    $$$$$:   25-block  7
call   12 never executed
    $$$$$:   25-block  8
    $$$$$:   25-block  9
       1*:   26:    assert(s.getAllSorted()[0].getStare()=="X");
call    0 returned 1
branch  1 taken 1 (fallthrough)
branch  2 taken 0 (throw)
        1:   26-block  0
call    3 returned 1
call    4 returned 1
branch  5 taken 1 (fallthrough)
branch  6 taken 0 (throw)
        1:   26-block  1
call    7 returned 1
branch  8 taken 1 (fallthrough)
branch  9 taken 0 (throw)
        1:   26-block  2
branch 10 taken 0 (fallthrough)
branch 11 taken 1
    %%%%%:   26-block  3
call   12 never executed
        1:   26-block  4
        1:   26-block  5
branch 13 taken 1 (fallthrough)
branch 14 taken 0
        1:   26-block  6
call   15 returned 1
        1:   26-block  7
branch 16 taken 1 (fallthrough)
branch 17 taken 0
        1:   26-block  8
call   18 returned 1
    $$$$$:   26-block  9
branch 19 never executed (fallthrough)
branch 20 never executed
    $$$$$:   26-block 10
call   21 never executed
    $$$$$:   26-block 11
    $$$$$:   26-block 12
branch 22 never executed (fallthrough)
branch 23 never executed
    $$$$$:   26-block 13
call   24 never executed
    $$$$$:   26-block 14
        -:   27:    //1 Eroilor 2 3 ---XXX
        -:   28:
        1:   29:    s.modificaStareLoc(1,4,'-');
        1:   29-block  0
call    0 returned 1
branch  1 taken 1 (fallthrough)
branch  2 taken 0 (throw)
        -:   30:
       1*:   31:    assert(r.getAll()[0].getStare()=="---X-X");
        1:   31-block  0
call    0 returned 1
branch  1 taken 1 (fallthrough)
branch  2 taken 0 (throw)
        1:   31-block  1
call    3 returned 1
call    4 returned 1
branch  5 taken 1 (fallthrough)
branch  6 taken 0 (throw)
        1:   31-block  2
call    7 returned 1
branch  8 taken 1 (fallthrough)
branch  9 taken 0 (throw)
        1:   31-block  3
branch 10 taken 0 (fallthrough)
branch 11 taken 1
    %%%%%:   31-block  4
call   12 never executed
        1:   31-block  5
        1:   31-block  6
branch 13 taken 1 (fallthrough)
branch 14 taken 0
        1:   31-block  7
call   15 returned 1
        1:   31-block  8
branch 16 taken 1 (fallthrough)
branch 17 taken 0
        1:   31-block  9
call   18 returned 1
    $$$$$:   31-block 10
branch 19 never executed (fallthrough)
branch 20 never executed
    $$$$$:   31-block 11
call   21 never executed
    $$$$$:   31-block 12
    $$$$$:   31-block 13
branch 22 never executed (fallthrough)
branch 23 never executed
    $$$$$:   31-block 14
call   24 never executed
    $$$$$:   31-block 15
        1:   32:    s.modificaStareLoc(1,4,'X');
        1:   32-block  0
call    0 returned 1
branch  1 taken 1 (fallthrough)
branch  2 taken 0 (throw)
       1*:   33:    assert(r.getAll()[0].getStare()=="---XXX");
        1:   33-block  0
call    0 returned 1
branch  1 taken 1 (fallthrough)
branch  2 taken 0 (throw)
        1:   33-block  1
call    3 returned 1
call    4 returned 1
branch  5 taken 1 (fallthrough)
branch  6 taken 0 (throw)
        1:   33-block  2
call    7 returned 1
branch  8 taken 1 (fallthrough)
branch  9 taken 0 (throw)
        1:   33-block  3
branch 10 taken 0 (fallthrough)
branch 11 taken 1
    %%%%%:   33-block  4
call   12 never executed
        1:   33-block  5
        1:   33-block  6
branch 13 taken 1 (fallthrough)
branch 14 taken 0
        1:   33-block  7
call   15 returned 1
        1:   33-block  8
branch 16 taken 1 (fallthrough)
branch 17 taken 0
        1:   33-block  9
call   18 returned 1
    $$$$$:   33-block 10
branch 19 never executed (fallthrough)
branch 20 never executed
    $$$$$:   33-block 11
call   21 never executed
    $$$$$:   33-block 12
    $$$$$:   33-block 13
branch 22 never executed (fallthrough)
branch 23 never executed
    $$$$$:   33-block 14
call   24 never executed
    $$$$$:   33-block 15
        1:   34:}
        1:   34-block  0
call    0 returned 1
call    1 returned 1
    $$$$$:   34-block  1
call    2 never executed
    $$$$$:   34-block  2
call    3 never executed
function _Z9test_repov called 1 returned 100% blocks executed 52%
        1:   35:void test_repo(){
        1:   35-block  0
        1:   36:    Repository r("C:\\Users\\sorn\\Desktop\\practicoop\\datatest.txt");
        1:   36-block  0
call    0 returned 1
branch  1 taken 1 (fallthrough)
branch  2 taken 0 (throw)
        1:   36-block  1
call    3 returned 1
branch  4 taken 1 (fallthrough)
branch  5 taken 0 (throw)
        1:   36-block  2
call    6 returned 1
    $$$$$:   36-block  3
call    7 never executed
    $$$$$:   36-block  4
    $$$$$:   36-block  5
        1:   37:    r.loadFromFile();
call    0 returned 1
branch  1 taken 1 (fallthrough)
branch  2 taken 0 (throw)
       1*:   38:    assert(r.getAll().size()>5);
        1:   38-block  0
call    0 returned 1
branch  1 taken 1 (fallthrough)
branch  2 taken 0 (throw)
        1:   38-block  1
call    3 returned 1
branch  4 taken 0 (fallthrough)
branch  5 taken 1
    %%%%%:   38-block  2
call    6 never executed
        1:   38-block  3
        1:   38-block  4
branch  7 taken 1 (fallthrough)
branch  8 taken 0
        1:   38-block  5
call    9 returned 1
    $$$$$:   38-block  6
branch 10 never executed (fallthrough)
branch 11 never executed
    $$$$$:   38-block  7
call   12 never executed
    $$$$$:   38-block  8
       1*:   39:    assert(r.getAll()[0].getId()==1);
        1:   39-block  0
call    0 returned 1
branch  1 taken 1 (fallthrough)
branch  2 taken 0 (throw)
        1:   39-block  1
call    3 returned 1
call    4 returned 1
branch  5 taken 0 (fallthrough)
branch  6 taken 1
    %%%%%:   39-block  2
call    7 never executed
        1:   39-block  3
        1:   39-block  4
branch  8 taken 1 (fallthrough)
branch  9 taken 0
        1:   39-block  5
call   10 returned 1
    $$$$$:   39-block  6
branch 11 never executed (fallthrough)
branch 12 never executed
    $$$$$:   39-block  7
call   13 never executed
    $$$$$:   39-block  8
       1*:   40:    assert(r.getAll()[0].getAdresa()=="Eroilor");
        1:   40-block  0
call    0 returned 1
branch  1 taken 1 (fallthrough)
branch  2 taken 0 (throw)
        1:   40-block  1
call    3 returned 1
call    4 returned 1
branch  5 taken 1 (fallthrough)
branch  6 taken 0 (throw)
        1:   40-block  2
call    7 returned 1
branch  8 taken 1 (fallthrough)
branch  9 taken 0 (throw)
        1:   40-block  3
branch 10 taken 0 (fallthrough)
branch 11 taken 1
    %%%%%:   40-block  4
call   12 never executed
        1:   40-block  5
        1:   40-block  6
branch 13 taken 1 (fallthrough)
branch 14 taken 0
        1:   40-block  7
call   15 returned 1
        1:   40-block  8
branch 16 taken 1 (fallthrough)
branch 17 taken 0
        1:   40-block  9
call   18 returned 1
        1:   40-block 10
    $$$$$:   40-block 11
branch 19 never executed (fallthrough)
branch 20 never executed
    $$$$$:   40-block 12
call   21 never executed
    $$$$$:   40-block 13
    $$$$$:   40-block 14
branch 22 never executed (fallthrough)
branch 23 never executed
    $$$$$:   40-block 15
call   24 never executed
    $$$$$:   40-block 16
        3:   41:    Parcare p=Parcare(67,"Eroilor",2,3,"XXX---");
        1:   41-block  0
call    0 returned 1
branch  1 taken 1 (fallthrough)
branch  2 taken 0 (throw)
        1:   41-block  1
call    3 returned 1
branch  4 taken 1 (fallthrough)
branch  5 taken 0 (throw)
        1:   41-block  2
call    6 returned 1
call    7 returned 1
call    8 returned 1
    $$$$$:   41-block  3
    $$$$$:   41-block  4
    $$$$$:   41-block  5
call    9 never executed
    $$$$$:   41-block  6
    $$$$$:   41-block  7
        1:   42:    r.add(p);
call    0 returned 1
branch  1 taken 1 (fallthrough)
branch  2 taken 0 (throw)
        1:   42-block  0
call    3 returned 1
branch  4 taken 1 (fallthrough)
branch  5 taken 0 (throw)
        1:   42-block  1
call    6 returned 1
    $$$$$:   42-block  2
call    7 never executed
    $$$$$:   42-block  3
       1*:   43:    assert(r.getAll().size()>6);
call    0 returned 1
branch  1 taken 1 (fallthrough)
branch  2 taken 0 (throw)
        1:   43-block  0
call    3 returned 1
branch  4 taken 0 (fallthrough)
branch  5 taken 1
    %%%%%:   43-block  1
call    6 never executed
        1:   43-block  2
        1:   43-block  3
branch  7 taken 1 (fallthrough)
branch  8 taken 0
        1:   43-block  4
call    9 returned 1
        1:   43-block  5
    $$$$$:   43-block  6
branch 10 never executed (fallthrough)
branch 11 never executed
    $$$$$:   43-block  7
call   12 never executed
    $$$$$:   43-block  8
        3:   44:    r.update(Parcare(67,"Eroilor",2,3,"---XXX"));
        1:   44-block  0
call    0 returned 1
branch  1 taken 1 (fallthrough)
branch  2 taken 0 (throw)
        1:   44-block  1
call    3 returned 1
branch  4 taken 1 (fallthrough)
branch  5 taken 0 (throw)
        1:   44-block  2
call    6 returned 1
call    7 returned 1
branch  8 taken 1 (fallthrough)
branch  9 taken 0 (throw)
        1:   44-block  3
call   10 returned 1
call   11 returned 1
call   12 returned 1
    $$$$$:   44-block  4
call   13 never executed
    $$$$$:   44-block  5
call   14 never executed
    $$$$$:   44-block  6
    $$$$$:   44-block  7
    $$$$$:   44-block  8
call   15 never executed
    $$$$$:   44-block  9
    $$$$$:   44-block 10
    $$$$$:   44-block 11
       1*:   45:    assert(r.getAll()[5].getStare()=="---XXX");
call    0 returned 1
branch  1 taken 1 (fallthrough)
branch  2 taken 0 (throw)
        1:   45-block  0
call    3 returned 1
call    4 returned 1
branch  5 taken 1 (fallthrough)
branch  6 taken 0 (throw)
        1:   45-block  1
call    7 returned 1
branch  8 taken 1 (fallthrough)
branch  9 taken 0 (throw)
        1:   45-block  2
branch 10 taken 0 (fallthrough)
branch 11 taken 1
    %%%%%:   45-block  3
call   12 never executed
        1:   45-block  4
        1:   45-block  5
branch 13 taken 1 (fallthrough)
branch 14 taken 0
        1:   45-block  6
call   15 returned 1
        1:   45-block  7
branch 16 taken 1 (fallthrough)
branch 17 taken 0
        1:   45-block  8
call   18 returned 1
    $$$$$:   45-block  9
branch 19 never executed (fallthrough)
branch 20 never executed
    $$$$$:   45-block 10
call   21 never executed
    $$$$$:   45-block 11
    $$$$$:   45-block 12
branch 22 never executed (fallthrough)
branch 23 never executed
    $$$$$:   45-block 13
call   24 never executed
    $$$$$:   45-block 14
        1:   46:}
        1:   46-block  0
call    0 returned 1
call    1 returned 1
    $$$$$:   46-block  1
call    2 never executed
    $$$$$:   46-block  2
call    3 never executed
function _Z11test_domainv called 1 returned 100% blocks executed 55%
        1:   47:void test_domain(){
        1:   47-block  0
        3:   48:    Parcare p=Parcare(1,"Eroilor",2,3,"XXX---");
        1:   48-block  0
call    0 returned 1
branch  1 taken 1 (fallthrough)
branch  2 taken 0 (throw)
        1:   48-block  1
call    3 returned 1
branch  4 taken 1 (fallthrough)
branch  5 taken 0 (throw)
        1:   48-block  2
call    6 returned 1
call    7 returned 1
call    8 returned 1
    $$$$$:   48-block  3
    $$$$$:   48-block  4
    $$$$$:   48-block  5
call    9 never executed
    $$$$$:   48-block  6
    $$$$$:   48-block  7
       1*:   49:    assert(p.getStare()=="XXX---");
call    0 returned 1
branch  1 taken 1 (fallthrough)
branch  2 taken 0 (throw)
        1:   49-block  0
call    3 returned 1
branch  4 taken 1 (fallthrough)
branch  5 taken 0 (throw)
        1:   49-block  1
branch  6 taken 0 (fallthrough)
branch  7 taken 1
    %%%%%:   49-block  2
call    8 never executed
        1:   49-block  3
        1:   49-block  4
branch  9 taken 1 (fallthrough)
branch 10 taken 0
        1:   49-block  5
call   11 returned 1
    $$$$$:   49-block  6
branch 12 never executed (fallthrough)
branch 13 never executed
    $$$$$:   49-block  7
call   14 never executed
    $$$$$:   49-block  8
       1*:   50:    assert(p.getId()==1);
        1:   50-block  0
call    0 returned 1
branch  1 taken 0 (fallthrough)
branch  2 taken 1
    %%%%%:   50-block  1
call    3 never executed
        1:   50-block  2
       1*:   51:    assert(p.getLinii()==2);
        1:   51-block  0
call    0 returned 1
branch  1 taken 0 (fallthrough)
branch  2 taken 1
    %%%%%:   51-block  1
call    3 never executed
        1:   51-block  2
       1*:   52:    assert(p.getColoane()==3);
        1:   52-block  0
call    0 returned 1
branch  1 taken 0 (fallthrough)
branch  2 taken 1
    %%%%%:   52-block  1
call    3 never executed
        1:   52-block  2
        1:   53:    p.setStare("---XXX");
        1:   53-block  0
call    0 returned 1
branch  1 taken 1 (fallthrough)
branch  2 taken 0 (throw)
        1:   53-block  1
call    3 returned 1
branch  4 taken 1 (fallthrough)
branch  5 taken 0 (throw)
        1:   53-block  2
call    6 returned 1
    $$$$$:   53-block  3
call    7 never executed
    $$$$$:   53-block  4
    $$$$$:   53-block  5
       1*:   54:    assert(p.getStare()=="---XXX");
call    0 returned 1
branch  1 taken 1 (fallthrough)
branch  2 taken 0 (throw)
        1:   54-block  0
call    3 returned 1
branch  4 taken 1 (fallthrough)
branch  5 taken 0 (throw)
        1:   54-block  1
branch  6 taken 0 (fallthrough)
branch  7 taken 1
    %%%%%:   54-block  2
call    8 never executed
        1:   54-block  3
        1:   54-block  4
branch  9 taken 1 (fallthrough)
branch 10 taken 0
        1:   54-block  5
call   11 returned 1
    $$$$$:   54-block  6
branch 12 never executed (fallthrough)
branch 13 never executed
    $$$$$:   54-block  7
call   14 never executed
    $$$$$:   54-block  8
       1*:   55:    assert(p.valideaza().size()==0);
        1:   55-block  0
call    0 returned 1
branch  1 taken 1 (fallthrough)
branch  2 taken 0 (throw)
        1:   55-block  1
call    3 returned 1
branch  4 taken 0 (fallthrough)
branch  5 taken 1
    %%%%%:   55-block  2
call    6 never executed
        1:   55-block  3
        1:   55-block  4
branch  7 taken 1 (fallthrough)
branch  8 taken 0
        1:   55-block  5
call    9 returned 1
        1:   55-block  6
    $$$$$:   55-block  7
branch 10 never executed (fallthrough)
branch 11 never executed
    $$$$$:   55-block  8
call   12 never executed
    $$$$$:   55-block  9
        3:   56:    Parcare p2=Parcare(2,"Eroilorr",2,2,"XXXXX");
        1:   56-block  0
call    0 returned 1
branch  1 taken 1 (fallthrough)
branch  2 taken 0 (throw)
        1:   56-block  1
call    3 returned 1
branch  4 taken 1 (fallthrough)
branch  5 taken 0 (throw)
        1:   56-block  2
call    6 returned 1
call    7 returned 1
call    8 returned 1
    $$$$$:   56-block  3
    $$$$$:   56-block  4
    $$$$$:   56-block  5
call    9 never executed
    $$$$$:   56-block  6
    $$$$$:   56-block  7
       1*:   57:    assert(p2.valideaza().size()>2);
call    0 returned 1
branch  1 taken 1 (fallthrough)
branch  2 taken 0 (throw)
        1:   57-block  0
call    3 returned 1
branch  4 taken 0 (fallthrough)
branch  5 taken 1
    %%%%%:   57-block  1
call    6 never executed
        1:   57-block  2
        1:   57-block  3
branch  7 taken 1 (fallthrough)
branch  8 taken 0
        1:   57-block  4
call    9 returned 1
    $$$$$:   57-block  5
branch 10 never executed (fallthrough)
branch 11 never executed
    $$$$$:   57-block  6
call   12 never executed
    $$$$$:   57-block  7
        1:   58:}
        1:   58-block  0
call    0 returned 1
call    1 returned 1
    $$$$$:   58-block  1
call    2 never executed
    $$$$$:   58-block  2
call    3 never executed
        -:   59:
function _Z8test_allv called 1 returned 100% blocks executed 100%
        1:   60:void test_all(){
        1:   61:    test_domain();
        1:   61-block  0
call    0 returned 1
        1:   62:    test_repo();
call    0 returned 1
        1:   63:    test_service();
call    0 returned 1
        1:   64:    cout<<"Finished tests\n";
call    0 returned 1
        1:   65:}
        -:   66:#endif //PRACTICOOP_TESTS_H
