        -:    0:Source:C:/Users/sorn/Desktop/practicoop/Domain.h
        -:    0:Graph:C:\Users\sorn\Desktop\practicoop\cmake-build-debug-coverage\CMakeFiles\practicoop.dir\Service.cpp.gcno
        -:    0:Data:C:\Users\sorn\Desktop\practicoop\cmake-build-debug-coverage\CMakeFiles\practicoop.dir\Service.cpp.gcda
        -:    0:Runs:1
        -:    1://
        -:    2:// Created by sorn on 27-Jun-24.
        -:    3://
        -:    4:
        -:    5:#ifndef PRACTICOOP_DOMAIN_H
        -:    6:#define PRACTICOOP_DOMAIN_H
        -:    7:
        -:    8:#include<string>
        -:    9:#include <utility>
        -:   10:using namespace std;
        -:   11:class Parcare {
        -:   12:private:
        -:   13:    int id;
        -:   14:    string adresa;
        -:   15:    int linii;
        -:   16:    int coloane;
        -:   17:    string stare;
        -:   18:public:
function _ZN7ParcareC1EiNSt7__cxx1112basic_stringIcSt11char_traitsIcESaIcEEEiiS5_ called 0 returned 0% blocks executed 0%
    #####:   19:    Parcare(int id,string adresa,int linii,int coloane,string stare):id{id},adresa{std::move(adresa)},linii{linii},coloane{coloane},stare{std::move(stare)}{}
    %%%%%:   19-block  0
call    0 never executed
call    1 never executed
call    2 never executed
call    3 never executed
        -:   20:    /*
        -:   21:     * returneaza id-ul;
        -:   22:     */
function _ZNK7Parcare5getIdEv called 0 returned 0% blocks executed 0%
    #####:   23:    int getId() const{
    #####:   24:        return id;
    %%%%%:   24-block  0
        -:   25:    }
        -:   26:    /*
        -:   27:     * returneaza adresa;
        -:   28:     */
function _ZNK7Parcare9getAdresaB5cxx11Ev called 0 returned 0% blocks executed 0%
    #####:   29:    string getAdresa() const {
    #####:   30:        return adresa;
    %%%%%:   30-block  0
call    0 never executed
        -:   31:    }
        -:   32:    /*
        -:   33:     * returneaza nr de linii;
        -:   34:     */
function _ZNK7Parcare8getLiniiEv called 0 returned 0% blocks executed 0%
    #####:   35:    int getLinii() const{
    #####:   36:        return linii;
    %%%%%:   36-block  0
        -:   37:    }
        -:   38:    /*
        -:   39:     * returneaza nr de coloane
        -:   40:     */
function _ZNK7Parcare10getColoaneEv called 0 returned 0% blocks executed 0%
    #####:   41:    int getColoane() const{
    #####:   42:        return coloane;
    %%%%%:   42-block  0
        -:   43:    }
        -:   44:    /*
        -:   45:     * returneaza starea;
        -:   46:     */
function _ZNK7Parcare8getStareB5cxx11Ev called 0 returned 0% blocks executed 0%
    #####:   47:    string getStare() const{
    #####:   48:        return stare;
    %%%%%:   48-block  0
call    0 never executed
        -:   49:    }
        -:   50:    /*
        -:   51:     * seteaza starea parcarii
        -:   52:     * param stare: string
        -:   53:     */
        -:   54:    void setStare(string stare){
        -:   55:        this->stare=stare;
        -:   56:    }
function _ZN7Parcare9valideazaB5cxx11Ev called 0 returned 0% blocks executed 0%
    #####:   57:    string valideaza(){
    %%%%%:   57-block  0
    #####:   58:        string errors="";
    %%%%%:   58-block  0
call    0 never executed
branch  1 never executed (fallthrough)
branch  2 never executed (throw)
    $$$$$:   58-block  1
call    3 never executed
    #####:   59:        if(getLinii()<1 || getLinii()>5)
call    0 never executed
branch  1 never executed (fallthrough)
branch  2 never executed
    %%%%%:   59-block  0
call    3 never executed
branch  4 never executed (fallthrough)
branch  5 never executed
    %%%%%:   59-block  1
    %%%%%:   59-block  2
    %%%%%:   59-block  3
branch  6 never executed (fallthrough)
branch  7 never executed
    #####:   60:            errors+="Numar invalid de linii\n";
    %%%%%:   60-block  0
call    0 never executed
branch  1 never executed (fallthrough)
branch  2 never executed (throw)
    #####:   61:        if(getColoane()<1 || getColoane()>5)
    %%%%%:   61-block  0
call    0 never executed
branch  1 never executed (fallthrough)
branch  2 never executed
    %%%%%:   61-block  1
call    3 never executed
branch  4 never executed (fallthrough)
branch  5 never executed
    %%%%%:   61-block  2
    %%%%%:   61-block  3
    %%%%%:   61-block  4
branch  6 never executed (fallthrough)
branch  7 never executed
    #####:   62:            errors+="Numar invalid de coloane\n";
    %%%%%:   62-block  0
call    0 never executed
branch  1 never executed (fallthrough)
branch  2 never executed (throw)
    #####:   63:        if(getStare().size()!=getLinii()*getColoane())
    %%%%%:   63-block  0
call    0 never executed
branch  1 never executed (fallthrough)
branch  2 never executed (throw)
    %%%%%:   63-block  1
call    3 never executed
call    4 never executed
call    5 never executed
call    6 never executed
branch  7 never executed (fallthrough)
branch  8 never executed
    $$$$$:   63-block  2
    #####:   64:            errors+="Stare invalida\n";
    %%%%%:   64-block  0
call    0 never executed
branch  1 never executed (fallthrough)
branch  2 never executed (throw)
    #####:   65:        for(auto &i:getStare())
    %%%%%:   65-block  0
call    0 never executed
branch  1 never executed (fallthrough)
branch  2 never executed (throw)
    %%%%%:   65-block  1
call    3 never executed
call    4 never executed
    %%%%%:   65-block  2
call    5 never executed
    %%%%%:   65-block  3
call    6 never executed
    %%%%%:   65-block  4
call    7 never executed
branch  8 never executed
branch  9 never executed (fallthrough)
    #####:   66:            if(i!='X' && i!='-')
branch  0 never executed (fallthrough)
branch  1 never executed
    %%%%%:   66-block  0
branch  2 never executed (fallthrough)
branch  3 never executed
    #####:   67:                errors+="Stare invalida\n";
    %%%%%:   67-block  0
call    0 never executed
branch  1 never executed (fallthrough)
branch  2 never executed (throw)
    %%%%%:   67-block  1
call    3 never executed
    $$$$$:   67-block  2
call    4 never executed
    #####:   68:        return errors;
    %%%%%:   68-block  0
    =====:   69:    }
    $$$$$:   69-block  0
call    0 never executed
        -:   70:};
        -:   71:
        -:   72:
        -:   73:#endif //PRACTICOOP_DOMAIN_H
