        -:    0:Source:C:/eu/ubb/2nd_Semester/oop/lab8/Repository.h
        -:    0:Graph:C:\eu\ubb\2nd_Semester\oop\lab8\cmake-build-debug-coverage\CMakeFiles\lab6.dir\main.cpp.gcno
        -:    0:Data:C:\eu\ubb\2nd_Semester\oop\lab8\cmake-build-debug-coverage\CMakeFiles\lab6.dir\main.cpp.gcda
        -:    0:Runs:1
        -:    1://
        -:    2:// Created by sorn on 01-Apr-24.
        -:    3://
        -:    4:
        -:    5:#ifndef LAB6_REPOSITORY_H
        -:    6:#define LAB6_REPOSITORY_H
        -:    7:#include"Domain.h"
        -:    8:#include<vector>
        -:    9:using std::vector;
        -:   10:class RepoException {
        -:   11:private:
        -:   12:    string errorMsg;
        -:   13:public:
        -:   14:    RepoException(string errorMsg) :errorMsg{ errorMsg } {};
        -:   15:    string getErrorMessage() {
        -:   16:        return this->errorMsg;
        -:   17:    }
        -:   18:};
        -:   19:class DisciplinaRepository{
        -:   20:    private:
        -:   21:    vector<Disciplina> allDisciplina;
        -:   22:    public:
function _ZN20DisciplinaRepositoryC2Ev called 1 returned 100% blocks executed 100%
        1:   23:    DisciplinaRepository()=default;
        1:   23-block  0
call    0 returned 1
        -:   24:
        -:   25:    DisciplinaRepository(const DisciplinaRepository& repo)=delete; //we don't want to copy the repo
        -:   26:
function _ZN20DisciplinaRepositoryD2Ev called 1 returned 100% blocks executed 100%
        1:   27:    virtual ~DisciplinaRepository()=default;
        1:   27-block  0
call    0 returned 1
        -:   28:    //verifica daca exista o disciplina
        -:   29:    //param disci: Disciplina
        -:   30:    bool Exists(const Disciplina& disci);
        -:   31:    //adauga o disciplina
        -:   32:    //param disci: Disciplina
        -:   33:    virtual void Store(const Disciplina& disci);
        -:   34:    //modifica o disciplina
        -:   35:    //param denumire: string
        -:   36:    //param ore:int
        -:   37:    //param tip:string
        -:   38:    //param cadruDidactic: string
        -:   39:    virtual void Modify(const string& denumire, int ore, const string& tip, const string& cadruDidactic);
        -:   40:    //cauta o disciplina si o returneaza
        -:   41:    //param Denumire:string
        -:   42:    //param Profesor:string
        -:   43:    Disciplina& find(const string& Denumire, const string& Profesor);
        -:   44:    //sterge o disciplina
        -:   45:    //param disci:Disciplina
        -:   46:    virtual void Delete(const Disciplina& disci);
        -:   47:    //returneaza un vector cu toate Disciplinele
        -:   48:    const vector<Disciplina>& getAllDiscipline();
        -:   49:};
        -:   50:
        -:   51:class DisciplinaRepoFile:public DisciplinaRepository{
        -:   52:private:
        -:   53:    std::string filename;
        -:   54:    void loadFromFile();
        -:   55:    void writeToFile();
        -:   56:public:
function _ZN18DisciplinaRepoFileC1ENSt7__cxx1112basic_stringIcSt11char_traitsIcESaIcEEE called 1 returned 100% blocks executed 62%
        1:   57:    DisciplinaRepoFile(std::string filename):DisciplinaRepository(),filename{filename}{
        1:   57-block  0
call    0 returned 1
call    1 returned 1
branch  2 taken 1 (fallthrough)
branch  3 taken 0 (throw)
        1:   58:        loadFromFile();
        1:   58-block  0
call    0 returned 1
branch  1 taken 1 (fallthrough)
branch  2 taken 0 (throw)
        1:   59:    };
        1:   59-block  0
    $$$$$:   59-block  1
call    0 never executed
    $$$$$:   59-block  2
call    1 never executed
function _ZN18DisciplinaRepoFile5StoreERK10Disciplina called 1 returned 100% blocks executed 100%
        1:   60:    void Store(const Disciplina& disci) override{
        1:   61:        DisciplinaRepository::Store(disci);
        1:   61-block  0
call    0 returned 1
        1:   62:        writeToFile();
call    0 returned 1
        1:   63:    }
function _ZN18DisciplinaRepoFile6ModifyERKNSt7__cxx1112basic_stringIcSt11char_traitsIcESaIcEEEiS7_S7_ called 1 returned 100% blocks executed 100%
        1:   64:    void Modify(const string& denumire, int ore, const string& tip, const string& cadruDidactic) override{
        1:   65:        DisciplinaRepository::Modify(denumire,ore,tip,cadruDidactic);
        1:   65-block  0
call    0 returned 1
        1:   66:        writeToFile();
call    0 returned 1
        1:   67:    }
function _ZN18DisciplinaRepoFile6DeleteERK10Disciplina called 1 returned 100% blocks executed 100%
        1:   68:    void Delete(const Disciplina& disci) override{
        1:   69:        DisciplinaRepository::Delete(disci);
        1:   69-block  0
call    0 returned 1
        1:   70:        writeToFile();
call    0 returned 1
        1:   71:    }
        -:   72:};
        -:   73:
        -:   74:void testeRepo();
        -:   75:#endif //LAB6_REPOSITORY_H
