        -:    0:Source:C:/eu/ubb/2nd_Semester/oop/lab8/Repository.cpp
        -:    0:Graph:C:\eu\ubb\2nd_Semester\oop\lab8\cmake-build-debug-coverage\CMakeFiles\lab6.dir\Repository.cpp.gcno
        -:    0:Data:C:\eu\ubb\2nd_Semester\oop\lab8\cmake-build-debug-coverage\CMakeFiles\lab6.dir\Repository.cpp.gcda
        -:    0:Runs:1
        -:    1://
        -:    2:// Created by sorn on 01-Apr-24.
        -:    3://
        -:    4:
        -:    5:#include "Repository.h"
        -:    6:#include<algorithm>
        -:    7:#include <fstream>
        -:    8:#include <cassert>
        -:    9:using namespace std;
        -:   10:
function _ZN18DisciplinaRepoFile12loadFromFileEv called 1 returned 100% blocks executed 64%
        1:   11:void DisciplinaRepoFile::loadFromFile() {
        1:   12:    std::ifstream f(filename);
        1:   12-block  0
call    0 returned 1
branch  1 taken 1 (fallthrough)
branch  2 taken 0 (throw)
        1:   13:    if(!f.is_open()){
        1:   13-block  0
call    0 returned 1
branch  1 taken 0 (fallthrough)
branch  2 taken 1
    #####:   14:        throw RepoException("Unable to open file");
    %%%%%:   14-block  0
call    0 never executed
    %%%%%:   14-block  1
call    1 never executed
branch  2 never executed (fallthrough)
branch  3 never executed (throw)
    %%%%%:   14-block  2
call    4 never executed
branch  5 never executed (fallthrough)
branch  6 never executed (throw)
    %%%%%:   14-block  3
call    7 never executed
call    8 never executed
    $$$$$:   14-block  4
call    9 never executed
    $$$$$:   14-block  5
    $$$$$:   14-block  6
    $$$$$:   14-block  7
call   10 never executed
        -:   15:    }
        1:   16:    string line;
        1:   16-block  0
call    0 returned 1
        2:   17:    while (getline(f, line)) {
        2:   17-block  0
call    0 returned 2
branch  1 taken 2 (fallthrough)
branch  2 taken 0 (throw)
        2:   17-block  1
call    3 returned 2
branch  4 taken 2 (fallthrough)
branch  5 taken 0 (throw)
        2:   17-block  2
branch  6 taken 1
branch  7 taken 1 (fallthrough)
        1:   18:        int i = 0;
        -:   19:
        1:   20:        string denumire, ore, tip, cadru;
        1:   20-block  0
call    0 returned 1
call    1 returned 1
call    2 returned 1
call    3 returned 1
        -:   21:
        8:   22:        while (line[i] != ',' && line[i] != NULL) {
        8:   22-block  0
call    0 returned 8
branch  1 taken 8 (fallthrough)
branch  2 taken 0 (throw)
        8:   22-block  1
branch  3 taken 7 (fallthrough)
branch  4 taken 1
        7:   22-block  2
call    5 returned 7
branch  6 taken 7 (fallthrough)
branch  7 taken 0 (throw)
        7:   22-block  3
branch  8 taken 7 (fallthrough)
branch  9 taken 0
        7:   22-block  4
        1:   22-block  5
        8:   22-block  6
branch 10 taken 7
branch 11 taken 1 (fallthrough)
        7:   23:            denumire += line[i];
        7:   23-block  0
call    0 returned 7
branch  1 taken 7 (fallthrough)
branch  2 taken 0 (throw)
        7:   23-block  1
call    3 returned 7
branch  4 taken 7 (fallthrough)
branch  5 taken 0 (throw)
        7:   24:            i++;
        7:   24-block  0
        -:   25:        }
        1:   26:        i++;
        3:   27:        while (line[i] != ',' && line[i] != NULL) {
        1:   27-block  0
        3:   27-block  1
call    0 returned 3
branch  1 taken 3 (fallthrough)
branch  2 taken 0 (throw)
        3:   27-block  2
branch  3 taken 2 (fallthrough)
branch  4 taken 1
        2:   27-block  3
call    5 returned 2
branch  6 taken 2 (fallthrough)
branch  7 taken 0 (throw)
        2:   27-block  4
branch  8 taken 2 (fallthrough)
branch  9 taken 0
        2:   27-block  5
        1:   27-block  6
        3:   27-block  7
branch 10 taken 2
branch 11 taken 1 (fallthrough)
        2:   28:            ore += line[i];
        2:   28-block  0
call    0 returned 2
branch  1 taken 2 (fallthrough)
branch  2 taken 0 (throw)
        2:   28-block  1
call    3 returned 2
branch  4 taken 2 (fallthrough)
branch  5 taken 0 (throw)
        2:   29:            i++;
        2:   29-block  0
        -:   30:        }
        1:   31:        i++;
        7:   32:        while (line[i] != ',' && line[i] != NULL) {
        1:   32-block  0
        7:   32-block  1
call    0 returned 7
branch  1 taken 7 (fallthrough)
branch  2 taken 0 (throw)
        7:   32-block  2
branch  3 taken 6 (fallthrough)
branch  4 taken 1
        6:   32-block  3
call    5 returned 6
branch  6 taken 6 (fallthrough)
branch  7 taken 0 (throw)
        6:   32-block  4
branch  8 taken 6 (fallthrough)
branch  9 taken 0
        6:   32-block  5
        1:   32-block  6
        7:   32-block  7
branch 10 taken 6
branch 11 taken 1 (fallthrough)
        6:   33:            tip += line[i];
        6:   33-block  0
call    0 returned 6
branch  1 taken 6 (fallthrough)
branch  2 taken 0 (throw)
        6:   33-block  1
call    3 returned 6
branch  4 taken 6 (fallthrough)
branch  5 taken 0 (throw)
        6:   34:            i++;
        6:   34-block  0
        -:   35:        }
        1:   36:        i++;
       10:   37:        while (line[i] != NULL) {
        1:   37-block  0
       10:   37-block  1
call    0 returned 10
branch  1 taken 10 (fallthrough)
branch  2 taken 0 (throw)
       10:   37-block  2
branch  3 taken 9
branch  4 taken 1 (fallthrough)
        9:   38:            cadru += line[i];
        9:   38-block  0
call    0 returned 9
branch  1 taken 9 (fallthrough)
branch  2 taken 0 (throw)
        9:   38-block  1
call    3 returned 9
branch  4 taken 9 (fallthrough)
branch  5 taken 0 (throw)
        9:   39:            i++;
        9:   39-block  0
        -:   40:        }
        -:   41:
        1:   42:        int durata = stoi(ore);
        1:   42-block  0
call    0 returned 1
branch  1 taken 1 (fallthrough)
branch  2 taken 0 (throw)
        -:   43:
        1:   44:        Disciplina d{denumire,durata,tip,cadru};
        1:   44-block  0
call    0 returned 1
branch  1 taken 1 (fallthrough)
branch  2 taken 0 (throw)
        1:   44-block  1
call    3 returned 1
branch  4 taken 1 (fallthrough)
branch  5 taken 0 (throw)
        1:   44-block  2
call    6 returned 1
branch  7 taken 1 (fallthrough)
branch  8 taken 0 (throw)
        1:   44-block  3
call    9 returned 1
branch 10 taken 1 (fallthrough)
branch 11 taken 0 (throw)
        1:   44-block  4
call   12 returned 1
call   13 returned 1
call   14 returned 1
    $$$$$:   44-block  5
call   15 never executed
    $$$$$:   44-block  6
    $$$$$:   44-block  7
call   16 never executed
    $$$$$:   44-block  8
    $$$$$:   44-block  9
call   17 never executed
    $$$$$:   44-block 10
        1:   45:        DisciplinaRepository::Store(d);
call    0 returned 1
branch  1 taken 1 (fallthrough)
branch  2 taken 0 (throw)
        1:   46:    }
        1:   46-block  0
call    0 returned 1
call    1 returned 1
call    2 returned 1
call    3 returned 1
call    4 returned 1
    $$$$$:   46-block  1
call    5 never executed
    $$$$$:   46-block  2
call    6 never executed
    $$$$$:   46-block  3
call    7 never executed
    $$$$$:   46-block  4
call    8 never executed
    $$$$$:   46-block  5
call    9 never executed
        -:   47:
        1:   48:    f.close();
        1:   48-block  0
call    0 returned 1
branch  1 taken 1 (fallthrough)
branch  2 taken 0 (throw)
        1:   49:}
        1:   49-block  0
call    0 returned 1
call    1 returned 1
    $$$$$:   49-block  1
call    2 never executed
    $$$$$:   49-block  2
call    3 never executed
function _ZN18DisciplinaRepoFile11writeToFileEv called 3 returned 100% blocks executed 69%
        3:   50:void DisciplinaRepoFile::writeToFile()
        -:   51:{
        3:   52:    std::ofstream fout(this->filename);
        3:   52-block  0
call    0 returned 3
branch  1 taken 3 (fallthrough)
branch  2 taken 0 (throw)
        8:   53:    for (auto& disci : DisciplinaRepository::getAllDiscipline()) {
        3:   53-block  0
call    0 returned 3
call    1 returned 3
call    2 returned 3
        5:   53-block  1
call    3 returned 5
        8:   53-block  2
call    4 returned 8
branch  5 taken 5
branch  6 taken 3 (fallthrough)
        5:   54:        fout << disci.getDenumire() << "," << disci.getOre() << "," << disci.getTip() << "," << disci.getCadruDidactic() << endl;
call    0 returned 5
branch  1 taken 5 (fallthrough)
branch  2 taken 0 (throw)
        5:   54-block  0
call    3 returned 5
branch  4 taken 5 (fallthrough)
branch  5 taken 0 (throw)
        5:   54-block  1
call    6 returned 5
branch  7 taken 5 (fallthrough)
branch  8 taken 0 (throw)
        5:   54-block  2
call    9 returned 5
branch 10 taken 5 (fallthrough)
branch 11 taken 0 (throw)
        5:   54-block  3
call   12 returned 5
branch 13 taken 5 (fallthrough)
branch 14 taken 0 (throw)
        5:   54-block  4
call   15 returned 5
branch 16 taken 5 (fallthrough)
branch 17 taken 0 (throw)
        5:   54-block  5
call   18 returned 5
branch 19 taken 5 (fallthrough)
branch 20 taken 0 (throw)
        5:   54-block  6
call   21 returned 5
branch 22 taken 5 (fallthrough)
branch 23 taken 0 (throw)
        5:   54-block  7
call   24 returned 5
branch 25 taken 5 (fallthrough)
branch 26 taken 0 (throw)
        5:   54-block  8
call   27 returned 5
branch 28 taken 5 (fallthrough)
branch 29 taken 0 (throw)
        5:   54-block  9
call   30 returned 5
branch 31 taken 5 (fallthrough)
branch 32 taken 0 (throw)
        5:   54-block 10
call   33 returned 5
branch 34 taken 5 (fallthrough)
branch 35 taken 0 (throw)
        5:   54-block 11
call   36 returned 5
call   37 returned 5
call   38 returned 5
call   39 returned 5
    $$$$$:   54-block 12
call   40 never executed
    $$$$$:   54-block 13
    $$$$$:   54-block 14
call   41 never executed
    $$$$$:   54-block 15
    $$$$$:   54-block 16
call   42 never executed
    $$$$$:   54-block 17
        -:   55:    }
        3:   56:    fout.close();
        3:   56-block  0
call    0 returned 3
branch  1 taken 3 (fallthrough)
branch  2 taken 0 (throw)
        3:   57:}
        3:   57-block  0
call    0 returned 3
    $$$$$:   57-block  1
call    1 never executed
        -:   58:
function _ZN20DisciplinaRepository6ExistsERK10Disciplina called 31 returned 100% blocks executed 94%
       31:   59:bool DisciplinaRepository::Exists(const Disciplina& disci){
        -:   60:    try{
       91:   61:        (find(disci.getDenumire(),disci.getCadruDidactic()));
       31:   61-block  0
call    0 returned 31
branch  1 taken 31 (fallthrough)
branch  2 taken 0 (throw)
       31:   61-block  1
call    3 returned 31
branch  4 taken 31 (fallthrough)
branch  5 taken 0 (throw)
       31:   61-block  2
call    6 returned 31
branch  7 taken 1 (fallthrough)
branch  8 taken 30 (throw)
        1:   61-block  3
call    9 returned 1
call   10 returned 1
       30:   61-block  4
call   11 returned 30
       30:   61-block  5
       30:   61-block  6
call   12 returned 30
       30:   61-block  7
        1:   62:        return true;
        -:   63:    }
       30:   64:    catch (RepoException&){
       30:   64-block  0
branch  0 taken 0 (fallthrough)
branch  1 taken 30
       30:   64-block  1
call    2 returned 30
       30:   65:        return false;
       30:   66:    }
        -:   67:
        -:   68:}
function _ZN20DisciplinaRepository5StoreERK10Disciplina called 31 returned 97% blocks executed 65%
       31:   69:void DisciplinaRepository::Store(const Disciplina& disci){
       31:   70:    if(Exists(disci))
       31:   70-block  0
call    0 returned 31
branch  1 taken 1 (fallthrough)
branch  2 taken 30
        3:   71:        throw RepoException("Disciplina exista deja.\n");
        1:   71-block  0
call    0 returned 1
        1:   71-block  1
call    1 returned 1
branch  2 taken 1 (fallthrough)
branch  3 taken 0 (throw)
        1:   71-block  2
call    4 returned 1
branch  5 taken 1 (fallthrough)
branch  6 taken 0 (throw)
        1:   71-block  3
call    7 returned 1
call    8 returned 0
    $$$$$:   71-block  4
call    9 never executed
    $$$$$:   71-block  5
    $$$$$:   71-block  6
    $$$$$:   71-block  7
call   10 never executed
       30:   72:    this->allDisciplina.push_back(disci);
       30:   72-block  0
call    0 returned 30
       30:   73:}
function _ZN20DisciplinaRepository6ModifyERKNSt7__cxx1112basic_stringIcSt11char_traitsIcESaIcEEEiS7_S7_ called 6 returned 83% blocks executed 60%
        6:   74:void DisciplinaRepository::Modify(const string& denumire, int ore, const string& tip, const string& cadruDidactic) {
        -:   75:    try {
        -:   76:
        6:   77:        Disciplina& d = find(denumire, cadruDidactic);
        6:   77-block  0
call    0 returned 6
branch  1 taken 5 (fallthrough)
branch  2 taken 1 (throw)
        -:   78:
        5:   79:        d.setTip(tip);
        5:   79-block  0
call    0 returned 5
branch  1 taken 5 (fallthrough)
branch  2 taken 0 (throw)
        5:   79-block  1
call    3 returned 5
branch  4 taken 5 (fallthrough)
branch  5 taken 0 (throw)
        5:   79-block  2
call    6 returned 5
    $$$$$:   79-block  3
call    7 never executed
    $$$$$:   79-block  4
        5:   80:        d.setOre(ore);
call    0 returned 5
branch  1 taken 5 (fallthrough)
branch  2 taken 0 (throw)
        -:   81:    }
        1:   82:    catch (RepoException&) {
        1:   82-block  0
branch  0 taken 0 (fallthrough)
branch  1 taken 1
        1:   82-block  1
call    2 returned 1
        3:   83:        throw RepoException("Disciplina nu exista in lista.\n");
call    0 returned 1
        1:   83-block  0
call    1 returned 1
branch  2 taken 1 (fallthrough)
branch  3 taken 0 (throw)
        1:   83-block  1
call    4 returned 1
branch  5 taken 1 (fallthrough)
branch  6 taken 0 (throw)
        1:   83-block  2
call    7 returned 1
call    8 returned 1
    $$$$$:   83-block  3
call    9 never executed
    $$$$$:   83-block  4
    $$$$$:   83-block  5
    $$$$$:   83-block  6
call   10 never executed
        1:   84:    }
        1:   84-block  0
call    0 returned 1
        5:   85:}
        5:   85-block  0
        -:   86:
function _ZN20DisciplinaRepository4findERKNSt7__cxx1112basic_stringIcSt11char_traitsIcESaIcEEES7_ called 44 returned 30% blocks executed 69%
       44:   87:Disciplina& DisciplinaRepository::find(const string& Denumire, const string& Profesor) {
function _ZZN20DisciplinaRepository4findERKNSt7__cxx1112basic_stringIcSt11char_traitsIcESaIcEEES7_ENKUlRK10DisciplinaE_clESA_ called 54 returned 100% blocks executed 70%
       44:   88:    auto it = std::find_if(allDisciplina.begin(), allDisciplina.end(), [&](const Disciplina& d) {
       44:   88-block  0
call    0 returned 44
call    1 returned 44
call    2 returned 44
branch  3 taken 44 (fallthrough)
branch  4 taken 0 (throw)
       54:   89:        return d.getDenumire() == Denumire && d.getCadruDidactic() == Profesor;
       54:   89-block  0
call    0 returned 54
branch  1 taken 54 (fallthrough)
branch  2 taken 0 (throw)
       54:   89-block  1
call    3 returned 54
branch  4 taken 14 (fallthrough)
branch  5 taken 40
       14:   89-block  2
call    6 returned 14
branch  7 taken 14 (fallthrough)
branch  8 taken 0 (throw)
       14:   89-block  3
call    9 returned 14
branch 10 taken 13 (fallthrough)
branch 11 taken 1
       13:   89-block  4
       41:   89-block  5
       54:   89-block  6
       54:   89-block  7
branch 12 taken 14 (fallthrough)
branch 13 taken 40
       14:   89-block  8
call   14 returned 14
       54:   89-block  9
branch 15 taken 54 (fallthrough)
branch 16 taken 0
       54:   89-block 10
call   17 returned 54
       54:   89-block 11
       54:   89-block 12
    $$$$$:   89-block 13
branch 18 never executed (fallthrough)
branch 19 never executed
    $$$$$:   89-block 14
call   20 never executed
    $$$$$:   89-block 15
    $$$$$:   89-block 16
branch 21 never executed (fallthrough)
branch 22 never executed
    $$$$$:   89-block 17
call   23 never executed
        -:   90:    });
        -:   91:
       44:   92:    if (it != allDisciplina.end()) {
       44:   92-block  0
call    0 returned 44
call    1 returned 44
branch  2 taken 13 (fallthrough)
branch  3 taken 31
       26:   93:        return *it;
       13:   93-block  0
call    0 returned 13
       13:   93-block  1
        -:   94:    }
        -:   95:
       93:   96:    throw RepoException("Disciplina nu exista\n");
       31:   96-block  0
call    0 returned 31
       31:   96-block  1
call    1 returned 31
branch  2 taken 31 (fallthrough)
branch  3 taken 0 (throw)
       31:   96-block  2
call    4 returned 31
branch  5 taken 31 (fallthrough)
branch  6 taken 0 (throw)
       31:   96-block  3
call    7 returned 31
call    8 returned 31
    $$$$$:   96-block  4
call    9 never executed
    $$$$$:   96-block  5
    $$$$$:   96-block  6
    $$$$$:   96-block  7
call   10 never executed
        -:   97:}
        -:   98:
function _ZN20DisciplinaRepository6DeleteERK10Disciplina called 5 returned 100% blocks executed 69%
        5:   99:void DisciplinaRepository::Delete(const Disciplina& disci) {
function _ZZN20DisciplinaRepository6DeleteERK10DisciplinaENKUlS2_E_clES2_ called 11 returned 100% blocks executed 100%
       11:  100:    auto pred = [&](const Disciplina& d) {
       11:  101:        return d == disci;
       11:  101-block  0
call    0 returned 11
        5:  102:    };
        -:  103:
        5:  104:    allDisciplina.erase(std::remove_if(allDisciplina.begin(), allDisciplina.end(), pred), allDisciplina.end());
        5:  104-block  0
call    0 returned 5
call    1 returned 5
call    2 returned 5
call    3 returned 5
call    4 returned 5
branch  5 taken 5 (fallthrough)
branch  6 taken 0 (throw)
        5:  104-block  1
call    7 returned 5
call    8 returned 5
branch  9 taken 5 (fallthrough)
branch 10 taken 0 (throw)
    $$$$$:  104-block  2
    $$$$$:  104-block  3
    $$$$$:  104-block  4
    $$$$$:  104-block  5
        5:  105:}
        5:  105-block  0
        -:  106:
        -:  107:
function _ZN20DisciplinaRepository16getAllDisciplineEv called 34 returned 100% blocks executed 100%
       34:  108:const vector<Disciplina>& DisciplinaRepository::getAllDiscipline(){
       34:  109:    return this->allDisciplina;
       34:  109-block  0
        -:  110:}
function _Z7testAddv called 1 returned 100% blocks executed 56%
        1:  111:void testAdd(){
        1:  112:    DisciplinaRepository testRepo;
        1:  112-block  0
call    0 returned 1
        5:  113:    Disciplina disci1{ "Analiza",4 ,"Obligatorie","Berinde"};
        1:  113-block  0
call    0 returned 1
branch  1 taken 1 (fallthrough)
branch  2 taken 0 (throw)
        1:  113-block  1
call    3 returned 1
branch  4 taken 1 (fallthrough)
branch  5 taken 0 (throw)
        1:  113-block  2
call    6 returned 1
branch  7 taken 1 (fallthrough)
branch  8 taken 0 (throw)
        1:  113-block  3
call    9 returned 1
branch 10 taken 1 (fallthrough)
branch 11 taken 0 (throw)
        1:  113-block  4
call   12 returned 1
call   13 returned 1
call   14 returned 1
    $$$$$:  113-block  5
call   15 never executed
    $$$$$:  113-block  6
    $$$$$:  113-block  7
    $$$$$:  113-block  8
call   16 never executed
    $$$$$:  113-block  9
    $$$$$:  113-block 10
    $$$$$:  113-block 11
call   17 never executed
    $$$$$:  113-block 12
    $$$$$:  113-block 13
        1:  114:    testRepo.Store(disci1);
call    0 returned 1
branch  1 taken 1 (fallthrough)
branch  2 taken 0 (throw)
       1*:  115:    assert(testRepo.getAllDiscipline().size()==1);
        1:  115-block  0
call    0 returned 1
call    1 returned 1
branch  2 taken 0 (fallthrough)
branch  3 taken 1
    %%%%%:  115-block  1
call    4 never executed
        1:  115-block  2
        -:  116:    try{
        1:  117:        testRepo.Store(disci1);
        1:  117-block  0
call    0 returned 1
branch  1 taken 0 (fallthrough)
branch  2 taken 1 (throw)
        -:  118:    }
        1:  119:    catch (RepoException&){
        1:  119-block  0
branch  0 taken 0 (fallthrough)
branch  1 taken 1
        1:  119-block  1
call    2 returned 1
        1:  120:        assert(testRepo.getAllDiscipline().size() == 1);
call    0 returned 1
call    1 returned 1
branch  2 taken 0 (fallthrough)
branch  3 taken 1
    $$$$$:  120-block  0
call    4 never executed
        1:  120-block  1
        1:  121:    }
        1:  121-block  0
call    0 returned 1
    $$$$$:  121-block  1
call    1 never executed
        1:  122:}
        1:  122-block  0
call    0 returned 1
call    1 returned 1
    $$$$$:  122-block  1
call    2 never executed
    $$$$$:  122-block  2
call    3 never executed
function _Z10testDeletev called 1 returned 100% blocks executed 56%
        1:  123:void testDelete(){
        1:  124:    DisciplinaRepository testRepo;
        1:  124-block  0
call    0 returned 1
        5:  125:    Disciplina disci1{ "Analiza",4 ,"Obligatorie","Berinde"};
        1:  125-block  0
call    0 returned 1
branch  1 taken 1 (fallthrough)
branch  2 taken 0 (throw)
        1:  125-block  1
call    3 returned 1
branch  4 taken 1 (fallthrough)
branch  5 taken 0 (throw)
        1:  125-block  2
call    6 returned 1
branch  7 taken 1 (fallthrough)
branch  8 taken 0 (throw)
        1:  125-block  3
call    9 returned 1
branch 10 taken 1 (fallthrough)
branch 11 taken 0 (throw)
        1:  125-block  4
call   12 returned 1
call   13 returned 1
call   14 returned 1
    $$$$$:  125-block  5
call   15 never executed
    $$$$$:  125-block  6
    $$$$$:  125-block  7
    $$$$$:  125-block  8
call   16 never executed
    $$$$$:  125-block  9
    $$$$$:  125-block 10
    $$$$$:  125-block 11
call   17 never executed
    $$$$$:  125-block 12
    $$$$$:  125-block 13
        1:  126:    testRepo.Store(disci1);
call    0 returned 1
branch  1 taken 1 (fallthrough)
branch  2 taken 0 (throw)
       1*:  127:    assert(testRepo.getAllDiscipline().size()==1);
        1:  127-block  0
call    0 returned 1
call    1 returned 1
branch  2 taken 0 (fallthrough)
branch  3 taken 1
    %%%%%:  127-block  1
call    4 never executed
        1:  127-block  2
        1:  128:    testRepo.Delete(disci1);
        1:  128-block  0
call    0 returned 1
branch  1 taken 1 (fallthrough)
branch  2 taken 0 (throw)
       1*:  129:    assert(testRepo.getAllDiscipline().empty());
        1:  129-block  0
call    0 returned 1
call    1 returned 1
branch  2 taken 0 (fallthrough)
branch  3 taken 1
    %%%%%:  129-block  1
call    4 never executed
        1:  129-block  2
        1:  130:}
        1:  130-block  0
call    0 returned 1
call    1 returned 1
    $$$$$:  130-block  1
call    2 never executed
    $$$$$:  130-block  2
call    3 never executed
function _Z10testModifyv called 1 returned 100% blocks executed 59%
        1:  131:void testModify(){
        1:  132:    DisciplinaRepository testRepo;
        1:  132-block  0
call    0 returned 1
        5:  133:    Disciplina disci1{ "Analiza",4 ,"Obligatorie","Berinde"};
        1:  133-block  0
call    0 returned 1
branch  1 taken 1 (fallthrough)
branch  2 taken 0 (throw)
        1:  133-block  1
call    3 returned 1
branch  4 taken 1 (fallthrough)
branch  5 taken 0 (throw)
        1:  133-block  2
call    6 returned 1
branch  7 taken 1 (fallthrough)
branch  8 taken 0 (throw)
        1:  133-block  3
call    9 returned 1
branch 10 taken 1 (fallthrough)
branch 11 taken 0 (throw)
        1:  133-block  4
call   12 returned 1
call   13 returned 1
call   14 returned 1
    $$$$$:  133-block  5
call   15 never executed
    $$$$$:  133-block  6
    $$$$$:  133-block  7
    $$$$$:  133-block  8
call   16 never executed
    $$$$$:  133-block  9
    $$$$$:  133-block 10
    $$$$$:  133-block 11
call   17 never executed
    $$$$$:  133-block 12
    $$$$$:  133-block 13
        1:  134:    testRepo.Store(disci1);
call    0 returned 1
branch  1 taken 1 (fallthrough)
branch  2 taken 0 (throw)
        -:  135:    try{
       6*:  136:        testRepo.Modify("Analiza",6,"fRATE","Modoi");
        1:  136-block  0
call    0 returned 1
branch  1 taken 1 (fallthrough)
branch  2 taken 0 (throw)
        1:  136-block  1
call    3 returned 1
branch  4 taken 1 (fallthrough)
branch  5 taken 0 (throw)
        1:  136-block  2
call    6 returned 1
branch  7 taken 1 (fallthrough)
branch  8 taken 0 (throw)
        1:  136-block  3
call    9 returned 1
branch 10 taken 0 (fallthrough)
branch 11 taken 1 (throw)
    %%%%%:  136-block  4
call   12 never executed
call   13 never executed
call   14 never executed
        1:  136-block  5
call   15 returned 1
        1:  136-block  6
        1:  136-block  7
        1:  136-block  8
call   16 returned 1
        1:  136-block  9
        1:  136-block 10
        1:  136-block 11
call   17 returned 1
        1:  136-block 12
        1:  136-block 13
        -:  137:    }
        1:  138:    catch (RepoException& re){
        1:  138-block  0
branch  0 taken 0 (fallthrough)
branch  1 taken 1
        1:  138-block  1
call    2 returned 1
        1:  139:        cout<<re.getErrorMessage();
call    0 returned 1
branch  1 taken 1 (fallthrough)
branch  2 taken 0 (throw)
        1:  139-block  0
call    3 returned 1
branch  4 taken 1 (fallthrough)
branch  5 taken 0 (throw)
        1:  139-block  1
call    6 returned 1
    $$$$$:  139-block  2
call    7 never executed
    $$$$$:  139-block  3
        1:  140:        assert(re.getErrorMessage()=="Disciplina nu exista in lista.\n");
call    0 returned 1
branch  1 taken 1 (fallthrough)
branch  2 taken 0 (throw)
        1:  140-block  0
call    3 returned 1
branch  4 taken 1 (fallthrough)
branch  5 taken 0 (throw)
        1:  140-block  1
branch  6 taken 0 (fallthrough)
branch  7 taken 1
    $$$$$:  140-block  2
call    8 never executed
        1:  140-block  3
        1:  140-block  4
branch  9 taken 1 (fallthrough)
branch 10 taken 0
        1:  140-block  5
call   11 returned 1
    $$$$$:  140-block  6
branch 12 never executed (fallthrough)
branch 13 never executed
    $$$$$:  140-block  7
call   14 never executed
    $$$$$:  140-block  8
        1:  141:    }
        1:  141-block  0
call    0 returned 1
    $$$$$:  141-block  1
call    1 never executed
        5:  142:    testRepo.Modify("Analiza",6,"fRATE","Berinde");
        1:  142-block  0
call    0 returned 1
branch  1 taken 1 (fallthrough)
branch  2 taken 0 (throw)
        1:  142-block  1
call    3 returned 1
branch  4 taken 1 (fallthrough)
branch  5 taken 0 (throw)
        1:  142-block  2
call    6 returned 1
branch  7 taken 1 (fallthrough)
branch  8 taken 0 (throw)
        1:  142-block  3
call    9 returned 1
branch 10 taken 1 (fallthrough)
branch 11 taken 0 (throw)
        1:  142-block  4
call   12 returned 1
call   13 returned 1
call   14 returned 1
    $$$$$:  142-block  5
call   15 never executed
    $$$$$:  142-block  6
    $$$$$:  142-block  7
    $$$$$:  142-block  8
call   16 never executed
    $$$$$:  142-block  9
    $$$$$:  142-block 10
    $$$$$:  142-block 11
call   17 never executed
    $$$$$:  142-block 12
    $$$$$:  142-block 13
       1*:  143:    assert(testRepo.getAllDiscipline()[0].getOre()==6);
call    0 returned 1
call    1 returned 1
call    2 returned 1
branch  3 taken 1 (fallthrough)
branch  4 taken 0 (throw)
        1:  143-block  0
branch  5 taken 0 (fallthrough)
branch  6 taken 1
    %%%%%:  143-block  1
call    7 never executed
        1:  143-block  2
       1*:  144:    assert(testRepo.getAllDiscipline()[0].getTip()=="fRATE");
        1:  144-block  0
call    0 returned 1
call    1 returned 1
call    2 returned 1
branch  3 taken 1 (fallthrough)
branch  4 taken 0 (throw)
        1:  144-block  1
call    5 returned 1
branch  6 taken 1 (fallthrough)
branch  7 taken 0 (throw)
        1:  144-block  2
branch  8 taken 0 (fallthrough)
branch  9 taken 1
    %%%%%:  144-block  3
call   10 never executed
        1:  144-block  4
        1:  144-block  5
branch 11 taken 1 (fallthrough)
branch 12 taken 0
        1:  144-block  6
call   13 returned 1
    $$$$$:  144-block  7
branch 14 never executed (fallthrough)
branch 15 never executed
    $$$$$:  144-block  8
call   16 never executed
    $$$$$:  144-block  9
       1*:  145:    assert(testRepo.getAllDiscipline()[0].getTip()=="fRATE");
        1:  145-block  0
call    0 returned 1
call    1 returned 1
call    2 returned 1
branch  3 taken 1 (fallthrough)
branch  4 taken 0 (throw)
        1:  145-block  1
call    5 returned 1
branch  6 taken 1 (fallthrough)
branch  7 taken 0 (throw)
        1:  145-block  2
branch  8 taken 0 (fallthrough)
branch  9 taken 1
    %%%%%:  145-block  3
call   10 never executed
        1:  145-block  4
        1:  145-block  5
branch 11 taken 1 (fallthrough)
branch 12 taken 0
        1:  145-block  6
call   13 returned 1
    $$$$$:  145-block  7
branch 14 never executed (fallthrough)
branch 15 never executed
    $$$$$:  145-block  8
call   16 never executed
    $$$$$:  145-block  9
        1:  146:}
        1:  146-block  0
call    0 returned 1
call    1 returned 1
    $$$$$:  146-block  1
call    2 never executed
    $$$$$:  146-block  2
call    3 never executed
function _Z8testFindv called 1 returned 100% blocks executed 51%
        1:  147:void testFind(){
        1:  148:    DisciplinaRepository testRepo;
        1:  148-block  0
call    0 returned 1
        5:  149:    Disciplina disci1{ "Analiza",4 ,"Obligatorie","Berinde"};
        1:  149-block  0
call    0 returned 1
branch  1 taken 1 (fallthrough)
branch  2 taken 0 (throw)
        1:  149-block  1
call    3 returned 1
branch  4 taken 1 (fallthrough)
branch  5 taken 0 (throw)
        1:  149-block  2
call    6 returned 1
branch  7 taken 1 (fallthrough)
branch  8 taken 0 (throw)
        1:  149-block  3
call    9 returned 1
branch 10 taken 1 (fallthrough)
branch 11 taken 0 (throw)
        1:  149-block  4
call   12 returned 1
call   13 returned 1
call   14 returned 1
    $$$$$:  149-block  5
call   15 never executed
    $$$$$:  149-block  6
    $$$$$:  149-block  7
    $$$$$:  149-block  8
call   16 never executed
    $$$$$:  149-block  9
    $$$$$:  149-block 10
    $$$$$:  149-block 11
call   17 never executed
    $$$$$:  149-block 12
    $$$$$:  149-block 13
        1:  150:    testRepo.Store(disci1);
call    0 returned 1
branch  1 taken 1 (fallthrough)
branch  2 taken 0 (throw)
        3:  151:    Disciplina disci2=testRepo.find("Analiza","Berinde");
        1:  151-block  0
call    0 returned 1
branch  1 taken 1 (fallthrough)
branch  2 taken 0 (throw)
        1:  151-block  1
call    3 returned 1
branch  4 taken 1 (fallthrough)
branch  5 taken 0 (throw)
        1:  151-block  2
call    6 returned 1
branch  7 taken 1 (fallthrough)
branch  8 taken 0 (throw)
        1:  151-block  3
call    9 returned 1
branch 10 taken 1 (fallthrough)
branch 11 taken 0 (throw)
        1:  151-block  4
call   12 returned 1
call   13 returned 1
    $$$$$:  151-block  5
call   14 never executed
    $$$$$:  151-block  6
    $$$$$:  151-block  7
    $$$$$:  151-block  8
call   15 never executed
    $$$$$:  151-block  9
    $$$$$:  151-block 10
       1*:  152:    assert(disci1==disci2);
call    0 returned 1
branch  1 taken 0 (fallthrough)
branch  2 taken 1
    %%%%%:  152-block  0
call    3 never executed
        1:  152-block  1
        1:  153:}
        1:  153-block  0
call    0 returned 1
call    1 returned 1
call    2 returned 1
    $$$$$:  153-block  1
call    3 never executed
    $$$$$:  153-block  2
call    4 never executed
    $$$$$:  153-block  3
call    5 never executed
function _Z12testRepoFilev called 1 returned 100% blocks executed 54%
        1:  154:void testRepoFile(){
        1:  154-block  0
        2:  155:DisciplinaRepoFile repo("C:/eu/ubb/2nd_Semester/oop/lab8/testrepo.txt");
        1:  155-block  0
call    0 returned 1
branch  1 taken 1 (fallthrough)
branch  2 taken 0 (throw)
        1:  155-block  1
call    3 returned 1
branch  4 taken 1 (fallthrough)
branch  5 taken 0 (throw)
        1:  155-block  2
call    6 returned 1
    $$$$$:  155-block  3
call    7 never executed
    $$$$$:  155-block  4
    $$$$$:  155-block  5
        -:  156:
        5:  157:    Disciplina disci1{ "Disci 2",4 ,"Type 3","Teacher 4"};
        1:  157-block  0
call    0 returned 1
branch  1 taken 1 (fallthrough)
branch  2 taken 0 (throw)
        1:  157-block  1
call    3 returned 1
branch  4 taken 1 (fallthrough)
branch  5 taken 0 (throw)
        1:  157-block  2
call    6 returned 1
branch  7 taken 1 (fallthrough)
branch  8 taken 0 (throw)
        1:  157-block  3
call    9 returned 1
branch 10 taken 1 (fallthrough)
branch 11 taken 0 (throw)
        1:  157-block  4
call   12 returned 1
call   13 returned 1
call   14 returned 1
    $$$$$:  157-block  5
call   15 never executed
    $$$$$:  157-block  6
    $$$$$:  157-block  7
    $$$$$:  157-block  8
call   16 never executed
    $$$$$:  157-block  9
    $$$$$:  157-block 10
    $$$$$:  157-block 11
call   17 never executed
    $$$$$:  157-block 12
    $$$$$:  157-block 13
        -:  158:
        1:  159:    repo.Store(disci1);
call    0 returned 1
branch  1 taken 1 (fallthrough)
branch  2 taken 0 (throw)
        -:  160:
        1:  161:    vector<Disciplina> allActivities = repo.getAllDiscipline();
        1:  161-block  0
call    0 returned 1
call    1 returned 1
branch  2 taken 1 (fallthrough)
branch  3 taken 0 (throw)
       1*:  162:    assert(allActivities.size() == 2);
        1:  162-block  0
call    0 returned 1
branch  1 taken 0 (fallthrough)
branch  2 taken 1
    %%%%%:  162-block  1
call    3 never executed
        1:  162-block  2
        5:  163:    repo.Modify("Disci 2",9 ,"Type 3","Teacher 4");
        1:  163-block  0
call    0 returned 1
branch  1 taken 1 (fallthrough)
branch  2 taken 0 (throw)
        1:  163-block  1
call    3 returned 1
branch  4 taken 1 (fallthrough)
branch  5 taken 0 (throw)
        1:  163-block  2
call    6 returned 1
branch  7 taken 1 (fallthrough)
branch  8 taken 0 (throw)
        1:  163-block  3
call    9 returned 1
branch 10 taken 1 (fallthrough)
branch 11 taken 0 (throw)
        1:  163-block  4
call   12 returned 1
call   13 returned 1
call   14 returned 1
    $$$$$:  163-block  5
call   15 never executed
    $$$$$:  163-block  6
    $$$$$:  163-block  7
    $$$$$:  163-block  8
call   16 never executed
    $$$$$:  163-block  9
    $$$$$:  163-block 10
    $$$$$:  163-block 11
call   17 never executed
    $$$$$:  163-block 12
    $$$$$:  163-block 13
       1*:  164:    assert(repo.getAllDiscipline()[1].getOre() == 9);
call    0 returned 1
call    1 returned 1
call    2 returned 1
branch  3 taken 1 (fallthrough)
branch  4 taken 0 (throw)
        1:  164-block  0
branch  5 taken 0 (fallthrough)
branch  6 taken 1
    %%%%%:  164-block  1
call    7 never executed
        1:  164-block  2
        1:  165:    repo.Delete(disci1);
        1:  165-block  0
call    0 returned 1
branch  1 taken 1 (fallthrough)
branch  2 taken 0 (throw)
       1*:  166:    assert(repo.getAllDiscipline().size()==1);
        1:  166-block  0
call    0 returned 1
call    1 returned 1
branch  2 taken 0 (fallthrough)
branch  3 taken 1
    %%%%%:  166-block  1
call    4 never executed
        1:  166-block  2
        1:  167:}
        1:  167-block  0
call    0 returned 1
call    1 returned 1
call    2 returned 1
    $$$$$:  167-block  1
call    3 never executed
    $$$$$:  167-block  2
call    4 never executed
    $$$$$:  167-block  3
call    5 never executed
function _Z9testeRepov called 1 returned 100% blocks executed 100%
        1:  168:void testeRepo(){
        1:  169:    testAdd();
        1:  169-block  0
call    0 returned 1
        1:  170:    testDelete();
call    0 returned 1
        1:  171:    testModify();
call    0 returned 1
        1:  172:    testFind();
call    0 returned 1
        1:  173:    testRepoFile();
call    0 returned 1
        1:  174:}
