        -:    0:Source:C:/eu/ubb/2nd_Semester/oop/lab8/Undo.h
        -:    0:Graph:C:\eu\ubb\2nd_Semester\oop\lab8\cmake-build-debug-coverage\CMakeFiles\lab6.dir\Service.cpp.gcno
        -:    0:Data:C:\eu\ubb\2nd_Semester\oop\lab8\cmake-build-debug-coverage\CMakeFiles\lab6.dir\Service.cpp.gcda
        -:    0:Runs:1
        -:    1://
        -:    2:// Created by sorn on 22-Apr-24.
        -:    3://
        -:    4:#pragma once
        -:    5:#include "Service.h"
        -:    6:#include <iostream>
        -:    7:#include <memory>
        -:    8:class UndoAction {
        -:    9:public:
        -:   10:    virtual void doUndo() = 0;
function _ZN10UndoActionD2Ev called 27 returned 100% blocks executed 100%
       27:   11:    virtual ~UndoAction() = default;
        -:   12:};
        -:   13:
        -:   14:class UndoAdd : public UndoAction {
        -:   15:private:
        -:   16:    Disciplina disci;
        -:   17:    DisciplinaRepository& repo;
        -:   18:public:
function _ZN7UndoAddC1ER20DisciplinaRepositoryRK10Disciplina called 23 returned 100% blocks executed 80%
       23:   19:    UndoAdd(DisciplinaRepository& repository, const Disciplina& disci)
       23:   20:            : repo(repository), disci(disci) {}
       23:   20-block  0
call    0 returned 23
call    1 returned 23
branch  2 taken 23 (fallthrough)
branch  3 taken 0 (throw)
       23:   20-block  1
    $$$$$:   20-block  2
call    4 never executed
        -:   21:
function _ZN7UndoAdd6doUndoEv called 1 returned 100% blocks executed 100%
        1:   22:    void doUndo() override {
        1:   23:        repo.Delete(disci);
        1:   23-block  0
call    0 returned 1
        1:   24:    }
        -:   25:};
        -:   26:
        -:   27:class UndoRemove : public UndoAction {
        -:   28:private:
        -:   29:    Disciplina disci;
        -:   30:    DisciplinaRepository& repo;
        -:   31:public:
function _ZN10UndoRemoveC1ER20DisciplinaRepositoryRK10Disciplina called 2 returned 100% blocks executed 80%
        2:   32:    UndoRemove(DisciplinaRepository& repository, const Disciplina& disci)
        2:   33:            : repo(repository), disci(disci) {}
        2:   33-block  0
call    0 returned 2
call    1 returned 2
branch  2 taken 2 (fallthrough)
branch  3 taken 0 (throw)
        2:   33-block  1
    $$$$$:   33-block  2
call    4 never executed
        -:   34:
function _ZN10UndoRemove6doUndoEv called 1 returned 100% blocks executed 100%
        1:   35:    void doUndo() override {
        1:   36:        repo.Store(disci);
        1:   36-block  0
call    0 returned 1
        1:   37:    }
        -:   38:};
        -:   39:
        -:   40:class UndoUpdate : public UndoAction {
        -:   41:private:
        -:   42:    string denumire;
        -:   43:    int ore;
        -:   44:    string tip;
        -:   45:    string cadruDidactic;
        -:   46:    DisciplinaRepository& repo;
        -:   47:public:
function _ZN10UndoUpdateC1ER20DisciplinaRepositoryRKNSt7__cxx1112basic_stringIcSt11char_traitsIcESaIcEEEiS9_S9_ called 2 returned 100% blocks executed 55%
        2:   48:    UndoUpdate(DisciplinaRepository& repository, const string& denumire, int ore, const string& tip, const string& cadruDidactic)
        2:   49:            : repo(repository), denumire(denumire), ore(ore), tip(tip), cadruDidactic(cadruDidactic) {}
        2:   49-block  0
call    0 returned 2
call    1 returned 2
branch  2 taken 2 (fallthrough)
branch  3 taken 0 (throw)
        2:   49-block  1
call    4 returned 2
branch  5 taken 2 (fallthrough)
branch  6 taken 0 (throw)
        2:   49-block  2
call    7 returned 2
branch  8 taken 2 (fallthrough)
branch  9 taken 0 (throw)
        2:   49-block  3
    $$$$$:   49-block  4
call   10 never executed
    $$$$$:   49-block  5
call   11 never executed
    $$$$$:   49-block  6
call   12 never executed
        -:   50:
function _ZN10UndoUpdate6doUndoEv called 1 returned 100% blocks executed 100%
        1:   51:    void doUndo() override {
        1:   52:        repo.Modify(denumire, ore, tip, cadruDidactic);
        1:   52-block  0
call    0 returned 1
        1:   53:    }
        -:   54:};
