        -:    0:Source:C:/eu/ubb/2nd_Semester/oop/lab8/UI.cpp
        -:    0:Graph:C:\eu\ubb\2nd_Semester\oop\lab8\cmake-build-debug-coverage\CMakeFiles\lab6.dir\UI.cpp.gcno
        -:    0:Data:C:\eu\ubb\2nd_Semester\oop\lab8\cmake-build-debug-coverage\CMakeFiles\lab6.dir\UI.cpp.gcda
        -:    0:Runs:1
        -:    1://
        -:    2:// Created by sorn on 01-Apr-24.
        -:    3://
        -:    4:
        -:    5:#include "UI.h"
        -:    6:#include<iostream>
        -:    7:#include <fstream>
        -:    8:
        -:    9:using namespace std;
function _ZN9ConsoleUI9printMenuEv called 0 returned 0% blocks executed 0%
    #####:   10:void ConsoleUI::printMenu() {
    #####:   11:    cout << "Comenzi disponibile:" << endl;
    %%%%%:   11-block  0
call    0 never executed
call    1 never executed
    #####:   12:    cout << "1. Adauga disciplica" << endl;
call    0 never executed
call    1 never executed
    #####:   13:    cout << "2. Modifica disciplina" << endl;
call    0 never executed
call    1 never executed
    #####:   14:    cout << "3. Sterge disciplina" << endl;
call    0 never executed
call    1 never executed
    #####:   15:    cout << "4. Cauta disciplina" << endl;
call    0 never executed
call    1 never executed
    #####:   16:    cout << "5. Filtreaza discipline" << endl;
call    0 never executed
call    1 never executed
    #####:   17:    cout << "6. Sorteaza discipline" << endl;
call    0 never executed
call    1 never executed
    #####:   18:    cout << "7. Afiseaza toate disciplinile" << endl;
call    0 never executed
call    1 never executed
    #####:   19:    cout << "8. Exit" << endl;
call    0 never executed
call    1 never executed
    #####:   20:    cout << "9.Contract de studiu" << endl;
call    0 never executed
call    1 never executed
    #####:   21:    cout << "10.Undo" << endl;
call    0 never executed
call    1 never executed
    #####:   22:}
function _ZN9ConsoleUI5adduiEv called 0 returned 0% blocks executed 0%
    #####:   23:void ConsoleUI::addui(){
    #####:   24:    string denumire,tip,cadruDidactic;
    %%%%%:   24-block  0
call    0 never executed
call    1 never executed
call    2 never executed
        -:   25:    int ore;
    #####:   26:    cout<<"Introduceti denumirea materiei";
call    0 never executed
branch  1 never executed (fallthrough)
branch  2 never executed (throw)
    #####:   27:    getline(cin>>ws,denumire);
    %%%%%:   27-block  0
call    0 never executed
branch  1 never executed (fallthrough)
branch  2 never executed (throw)
    %%%%%:   27-block  1
call    3 never executed
branch  4 never executed (fallthrough)
branch  5 never executed (throw)
    #####:   28:    cout<<"Introduceti numarul de ore materiei";
    %%%%%:   28-block  0
call    0 never executed
branch  1 never executed (fallthrough)
branch  2 never executed (throw)
        -:   29:    try{
    #####:   30:        cin>>ore;
    %%%%%:   30-block  0
call    0 never executed
branch  1 never executed (fallthrough)
branch  2 never executed (throw)
        -:   31:    }
    =====:   32:    catch (ValidatorException){
    $$$$$:   32-block  0
branch  0 never executed (fallthrough)
branch  1 never executed
    $$$$$:   32-block  1
call    2 never executed
call    3 never executed
    =====:   33:        cout<<"NUmarul de ore trebuie sa fie un numar natural.\n";
call    0 never executed
branch  1 never executed (fallthrough)
branch  2 never executed (throw)
    =====:   34:    }
    $$$$$:   34-block  0
call    0 never executed
call    1 never executed
    $$$$$:   34-block  1
call    2 never executed
    $$$$$:   34-block  2
call    3 never executed
    #####:   35:    cout<<"Introduceti tipul materiei";
    %%%%%:   35-block  0
call    0 never executed
branch  1 never executed (fallthrough)
branch  2 never executed (throw)
    #####:   36:    getline(cin>>ws,tip);
    %%%%%:   36-block  0
call    0 never executed
branch  1 never executed (fallthrough)
branch  2 never executed (throw)
    %%%%%:   36-block  1
call    3 never executed
branch  4 never executed (fallthrough)
branch  5 never executed (throw)
    #####:   37:    cout<<"Introduceti cadrul Didactic al materiei";
    %%%%%:   37-block  0
call    0 never executed
branch  1 never executed (fallthrough)
branch  2 never executed (throw)
    #####:   38:    getline(cin>>ws,cadruDidactic);
    %%%%%:   38-block  0
call    0 never executed
branch  1 never executed (fallthrough)
branch  2 never executed (throw)
    %%%%%:   38-block  1
call    3 never executed
branch  4 never executed (fallthrough)
branch  5 never executed (throw)
        -:   39:
        -:   40:    try{
    #####:   41:        srv.addDisciplina(denumire,ore,tip,cadruDidactic);
    %%%%%:   41-block  0
call    0 never executed
branch  1 never executed (fallthrough)
branch  2 never executed (throw)
    %%%%%:   41-block  1
call    3 never executed
branch  4 never executed (fallthrough)
branch  5 never executed (throw)
    %%%%%:   41-block  2
call    6 never executed
branch  7 never executed (fallthrough)
branch  8 never executed (throw)
    %%%%%:   41-block  3
call    9 never executed
branch 10 never executed (fallthrough)
branch 11 never executed (throw)
    %%%%%:   41-block  4
call   12 never executed
call   13 never executed
call   14 never executed
    $$$$$:   41-block  5
call   15 never executed
    $$$$$:   41-block  6
    $$$$$:   41-block  7
call   16 never executed
    $$$$$:   41-block  8
    $$$$$:   41-block  9
call   17 never executed
    $$$$$:   41-block 10
        -:   42:    }
    =====:   43:    catch (RepoException& re){
    $$$$$:   43-block  0
branch  0 never executed (fallthrough)
branch  1 never executed
    $$$$$:   43-block  1
call    2 never executed
    =====:   44:        cout<<re.getErrorMessage();
call    0 never executed
branch  1 never executed (fallthrough)
branch  2 never executed (throw)
    $$$$$:   44-block  0
call    3 never executed
branch  4 never executed (fallthrough)
branch  5 never executed (throw)
    $$$$$:   44-block  1
call    6 never executed
    $$$$$:   44-block  2
call    7 never executed
    $$$$$:   44-block  3
    =====:   45:    }
call    0 never executed
branch  1 never executed (fallthrough)
branch  2 never executed (throw)
    $$$$$:   45-block  0
call    3 never executed
    #####:   46:}
    %%%%%:   46-block  0
call    0 never executed
call    1 never executed
call    2 never executed
    $$$$$:   46-block  1
call    3 never executed
    $$$$$:   46-block  2
call    4 never executed
    $$$$$:   46-block  3
call    5 never executed
function _ZN9ConsoleUI8modifyuiEv called 0 returned 0% blocks executed 0%
    #####:   47:void ConsoleUI::modifyui(){
    #####:   48:    return;
    %%%%%:   48-block  0
        -:   49:}
function _ZN9ConsoleUI8deleteuiEv called 0 returned 0% blocks executed 0%
    #####:   50:void ConsoleUI::deleteui(){
    #####:   51:    string denumire,tip,cadruDidactic;
    %%%%%:   51-block  0
call    0 never executed
call    1 never executed
call    2 never executed
        -:   52:    int ore;
    #####:   53:    cout<<"Introduceti denumirea materiei";
call    0 never executed
branch  1 never executed (fallthrough)
branch  2 never executed (throw)
    #####:   54:    getline(cin>>ws,denumire);
    %%%%%:   54-block  0
call    0 never executed
branch  1 never executed (fallthrough)
branch  2 never executed (throw)
    %%%%%:   54-block  1
call    3 never executed
branch  4 never executed (fallthrough)
branch  5 never executed (throw)
    #####:   55:    cout<<"Introduceti cadrul Didactic al materiei";
    %%%%%:   55-block  0
call    0 never executed
branch  1 never executed (fallthrough)
branch  2 never executed (throw)
    #####:   56:    getline(cin>>ws,cadruDidactic);
    %%%%%:   56-block  0
call    0 never executed
branch  1 never executed (fallthrough)
branch  2 never executed (throw)
    %%%%%:   56-block  1
call    3 never executed
branch  4 never executed (fallthrough)
branch  5 never executed (throw)
        -:   57:
        -:   58:    try{
    #####:   59:        srv.deleteDisciplina(denumire,cadruDidactic);
    %%%%%:   59-block  0
call    0 never executed
branch  1 never executed (fallthrough)
branch  2 never executed (throw)
        -:   60:    }
    =====:   61:    catch (RepoException& re){
    $$$$$:   61-block  0
branch  0 never executed (fallthrough)
branch  1 never executed
    $$$$$:   61-block  1
call    2 never executed
    =====:   62:        cout<<re.getErrorMessage();
call    0 never executed
branch  1 never executed (fallthrough)
branch  2 never executed (throw)
    $$$$$:   62-block  0
call    3 never executed
branch  4 never executed (fallthrough)
branch  5 never executed (throw)
    $$$$$:   62-block  1
call    6 never executed
    $$$$$:   62-block  2
call    7 never executed
    $$$$$:   62-block  3
    =====:   63:    }
call    0 never executed
branch  1 never executed (fallthrough)
branch  2 never executed (throw)
    $$$$$:   63-block  0
call    3 never executed
    #####:   64:}
    %%%%%:   64-block  0
call    0 never executed
call    1 never executed
call    2 never executed
    $$$$$:   64-block  1
call    3 never executed
    $$$$$:   64-block  2
call    4 never executed
    $$$$$:   64-block  3
call    5 never executed
function _ZN9ConsoleUI6finduiEv called 0 returned 0% blocks executed 0%
    #####:   65:void ConsoleUI::findui(){
    #####:   66:    string denumire,tip,cadruDidactic;
    %%%%%:   66-block  0
call    0 never executed
call    1 never executed
call    2 never executed
        -:   67:    int ore;
    #####:   68:    cout<<"Introduceti denumirea materiei";
call    0 never executed
branch  1 never executed (fallthrough)
branch  2 never executed (throw)
    #####:   69:    getline(cin>>ws,denumire);
    %%%%%:   69-block  0
call    0 never executed
branch  1 never executed (fallthrough)
branch  2 never executed (throw)
    %%%%%:   69-block  1
call    3 never executed
branch  4 never executed (fallthrough)
branch  5 never executed (throw)
    #####:   70:    cout<<"Introduceti cadrul Didactic al materiei";
    %%%%%:   70-block  0
call    0 never executed
branch  1 never executed (fallthrough)
branch  2 never executed (throw)
    #####:   71:    getline(cin>>ws,cadruDidactic);
    %%%%%:   71-block  0
call    0 never executed
branch  1 never executed (fallthrough)
branch  2 never executed (throw)
    %%%%%:   71-block  1
call    3 never executed
branch  4 never executed (fallthrough)
branch  5 never executed (throw)
        -:   72:
        -:   73:    try{
    #####:   74:        Disciplina d1=srv.findDisciplina(denumire,cadruDidactic);
    %%%%%:   74-block  0
call    0 never executed
branch  1 never executed (fallthrough)
branch  2 never executed (throw)
    %%%%%:   74-block  1
call    3 never executed
branch  4 never executed (fallthrough)
branch  5 never executed (throw)
    #####:   75:        cout<<d1;
    %%%%%:   75-block  0
call    0 never executed
branch  1 never executed (fallthrough)
branch  2 never executed (throw)
    #####:   76:    }
    %%%%%:   76-block  0
call    0 never executed
    $$$$$:   76-block  1
call    1 never executed
    =====:   77:    catch (RepoException& re){
    $$$$$:   77-block  0
branch  0 never executed (fallthrough)
branch  1 never executed
    $$$$$:   77-block  1
call    2 never executed
    =====:   78:        cout<<re.getErrorMessage();
call    0 never executed
branch  1 never executed (fallthrough)
branch  2 never executed (throw)
    $$$$$:   78-block  0
call    3 never executed
branch  4 never executed (fallthrough)
branch  5 never executed (throw)
    $$$$$:   78-block  1
call    6 never executed
    $$$$$:   78-block  2
call    7 never executed
    $$$$$:   78-block  3
    =====:   79:    }
call    0 never executed
branch  1 never executed (fallthrough)
branch  2 never executed (throw)
    $$$$$:   79-block  0
call    3 never executed
    #####:   80:}
    %%%%%:   80-block  0
call    0 never executed
call    1 never executed
call    2 never executed
    $$$$$:   80-block  1
call    3 never executed
    $$$$$:   80-block  2
call    4 never executed
    $$$$$:   80-block  3
call    5 never executed
function _ZN9ConsoleUI8filteruiEv called 0 returned 0% blocks executed 0%
    #####:   81:void ConsoleUI::filterui(){
    #####:   82:    string cadru;
    %%%%%:   82-block  0
call    0 never executed
    #####:   83:    int ore=0;
    #####:   84:    cout<<"Introduceti criteriul dupa care vreti sa sortati";
call    0 never executed
branch  1 never executed (fallthrough)
branch  2 never executed (throw)
    #####:   85:    cout<<"Introduceti numele profesorului dupa care vreti sa filtrati(daca nu vrei introduceti 'NU')";
    %%%%%:   85-block  0
call    0 never executed
branch  1 never executed (fallthrough)
branch  2 never executed (throw)
    #####:   86:    cin>>cadru;
    %%%%%:   86-block  0
call    0 never executed
branch  1 never executed (fallthrough)
branch  2 never executed (throw)
    #####:   87:    if(cadru=="NU") {
    %%%%%:   87-block  0
call    0 never executed
branch  1 never executed (fallthrough)
branch  2 never executed (throw)
    %%%%%:   87-block  1
branch  3 never executed (fallthrough)
branch  4 never executed
    #####:   88:        cout<<"Introduceti numarul de ore dupa care vreti sa filtrati.";
    %%%%%:   88-block  0
call    0 never executed
branch  1 never executed (fallthrough)
branch  2 never executed (throw)
    #####:   89:        cin >> ore;
    %%%%%:   89-block  0
call    0 never executed
branch  1 never executed (fallthrough)
branch  2 never executed (throw)
        -:   90:    }
    #####:   91:        vector<Disciplina> v = srv.filter(cadru,ore);
    %%%%%:   91-block  0
call    0 never executed
branch  1 never executed (fallthrough)
branch  2 never executed (throw)
    %%%%%:   91-block  1
call    3 never executed
branch  4 never executed (fallthrough)
branch  5 never executed (throw)
    %%%%%:   91-block  2
call    6 never executed
    $$$$$:   91-block  3
call    7 never executed
    $$$$$:   91-block  4
    #####:   92:        for (const auto &disci: v) {
call    0 never executed
call    1 never executed
    %%%%%:   92-block  0
call    2 never executed
    %%%%%:   92-block  1
call    3 never executed
    %%%%%:   92-block  2
call    4 never executed
branch  5 never executed
branch  6 never executed (fallthrough)
    #####:   93:            cout<<disci<<endl;
call    0 never executed
branch  1 never executed (fallthrough)
branch  2 never executed (throw)
    %%%%%:   93-block  0
call    3 never executed
branch  4 never executed (fallthrough)
branch  5 never executed (throw)
        -:   94:        }
    #####:   95:}
    %%%%%:   95-block  0
call    0 never executed
call    1 never executed
    $$$$$:   95-block  1
call    2 never executed
    $$$$$:   95-block  2
call    3 never executed
function _ZN9ConsoleUI6sortuiEv called 0 returned 0% blocks executed 0%
    #####:   96:void ConsoleUI::sortui(){
    #####:   97:    string s;
    %%%%%:   97-block  0
call    0 never executed
    #####:   98:    cout<<"Introduceti criteriul dupa care vreti sa sortati";
call    0 never executed
branch  1 never executed (fallthrough)
branch  2 never executed (throw)
    #####:   99:    cin>>s;
    %%%%%:   99-block  0
call    0 never executed
branch  1 never executed (fallthrough)
branch  2 never executed (throw)
    #####:  100:    if(s=="denumire"|| s=="ore"|| s=="tip" || s=="cadrudidactic") {
    %%%%%:  100-block  0
call    0 never executed
branch  1 never executed (fallthrough)
branch  2 never executed (throw)
    %%%%%:  100-block  1
branch  3 never executed (fallthrough)
branch  4 never executed
    %%%%%:  100-block  2
call    5 never executed
branch  6 never executed (fallthrough)
branch  7 never executed (throw)
    %%%%%:  100-block  3
branch  8 never executed (fallthrough)
branch  9 never executed
    %%%%%:  100-block  4
call   10 never executed
branch 11 never executed (fallthrough)
branch 12 never executed (throw)
    %%%%%:  100-block  5
branch 13 never executed (fallthrough)
branch 14 never executed
    %%%%%:  100-block  6
call   15 never executed
branch 16 never executed (fallthrough)
branch 17 never executed (throw)
    %%%%%:  100-block  7
branch 18 never executed (fallthrough)
branch 19 never executed
    %%%%%:  100-block  8
    %%%%%:  100-block  9
    %%%%%:  100-block 10
branch 20 never executed (fallthrough)
branch 21 never executed
    #####:  101:        vector<Disciplina> v = srv.sort(s);
    %%%%%:  101-block  0
call    0 never executed
branch  1 never executed (fallthrough)
branch  2 never executed (throw)
    #####:  102:        for (const auto &disci: v) {
    %%%%%:  102-block  0
call    0 never executed
call    1 never executed
    %%%%%:  102-block  1
call    2 never executed
    %%%%%:  102-block  2
call    3 never executed
    %%%%%:  102-block  3
call    4 never executed
branch  5 never executed
branch  6 never executed (fallthrough)
    #####:  103:            cout<<disci<<endl;
call    0 never executed
branch  1 never executed (fallthrough)
branch  2 never executed (throw)
    %%%%%:  103-block  0
call    3 never executed
branch  4 never executed (fallthrough)
branch  5 never executed (throw)
        -:  104:        }
    #####:  105:        return ;
    #####:  106:    }
    %%%%%:  106-block  0
call    0 never executed
    $$$$$:  106-block  1
call    1 never executed
    #####:  107:    cout<<"Argumentele trebuie sa fie denumire/ore/tip/cadrudidactic";
    %%%%%:  107-block  0
call    0 never executed
branch  1 never executed (fallthrough)
branch  2 never executed (throw)
    #####:  108:}
    %%%%%:  108-block  0
    %%%%%:  108-block  1
call    0 never executed
branch  1 never executed (fallthrough)
branch  2 never executed
    $$$$$:  108-block  2
call    3 never executed
function _ZN9ConsoleUI8printallEv called 0 returned 0% blocks executed 0%
    #####:  109:void ConsoleUI::printall(){
    #####:  110:    const vector<Disciplina>& allDiscipline=srv.getAllDiscipline();
    %%%%%:  110-block  0
call    0 never executed
    #####:  111:    if(allDiscipline.empty())
call    0 never executed
branch  1 never executed (fallthrough)
branch  2 never executed
    #####:  112:        cout<<" Nu exista discipline"<<endl;
    %%%%%:  112-block  0
call    0 never executed
call    1 never executed
        -:  113:    else
    #####:  114:        for(const auto& disci:allDiscipline)
    %%%%%:  114-block  0
call    0 never executed
call    1 never executed
    %%%%%:  114-block  1
call    2 never executed
    %%%%%:  114-block  2
call    3 never executed
    %%%%%:  114-block  3
call    4 never executed
branch  5 never executed
branch  6 never executed (fallthrough)
    #####:  115:            cout<<disci<<endl;
call    0 never executed
branch  1 never executed (fallthrough)
branch  2 never executed (throw)
    %%%%%:  115-block  0
call    3 never executed
branch  4 never executed (fallthrough)
branch  5 never executed (throw)
    #####:  116:}
    %%%%%:  116-block  0
function _ZN9ConsoleUI8contractEv called 0 returned 0% blocks executed 0%
    #####:  117:void ConsoleUI::contract(){
    #####:  118:    cout<<"Alegeti una dintre urmatoarele functii ale contractului de studiu:" << endl;
    %%%%%:  118-block  0
call    0 never executed
branch  1 never executed (fallthrough)
branch  2 never executed (throw)
    %%%%%:  118-block  1
call    3 never executed
branch  4 never executed (fallthrough)
branch  5 never executed (throw)
    #####:  119:    cout << "1. Adauga in contract" << endl;
    %%%%%:  119-block  0
call    0 never executed
branch  1 never executed (fallthrough)
branch  2 never executed (throw)
    %%%%%:  119-block  1
call    3 never executed
branch  4 never executed (fallthrough)
branch  5 never executed (throw)
    #####:  120:    cout << "2. Goleste contract" << endl;
    %%%%%:  120-block  0
call    0 never executed
branch  1 never executed (fallthrough)
branch  2 never executed (throw)
    %%%%%:  120-block  1
call    3 never executed
branch  4 never executed (fallthrough)
branch  5 never executed (throw)
    #####:  121:    cout << "3. Genereaza contract" << endl;
    %%%%%:  121-block  0
call    0 never executed
branch  1 never executed (fallthrough)
branch  2 never executed (throw)
    %%%%%:  121-block  1
call    3 never executed
branch  4 never executed (fallthrough)
branch  5 never executed (throw)
    #####:  122:    cout << "4. Export contract" << endl;
    %%%%%:  122-block  0
call    0 never executed
branch  1 never executed (fallthrough)
branch  2 never executed (throw)
    %%%%%:  122-block  1
call    3 never executed
branch  4 never executed (fallthrough)
branch  5 never executed (throw)
        -:  123:    int opt;
    #####:  124:    cin>>opt;
    %%%%%:  124-block  0
call    0 never executed
branch  1 never executed (fallthrough)
branch  2 never executed (throw)
    #####:  125:    if(opt==1){
    %%%%%:  125-block  0
branch  0 never executed (fallthrough)
branch  1 never executed
    #####:  126:        string denumire,cadrudidactic;
    %%%%%:  126-block  0
call    0 never executed
call    1 never executed
    #####:  127:        cout<<"Introduceti denumirea materiei";
call    0 never executed
branch  1 never executed (fallthrough)
branch  2 never executed (throw)
    #####:  128:        getline(cin>>ws,denumire);
    %%%%%:  128-block  0
call    0 never executed
branch  1 never executed (fallthrough)
branch  2 never executed (throw)
    %%%%%:  128-block  1
call    3 never executed
branch  4 never executed (fallthrough)
branch  5 never executed (throw)
    #####:  129:        cout<<"Introduceti cadrul Didactic al materiei";
    %%%%%:  129-block  0
call    0 never executed
branch  1 never executed (fallthrough)
branch  2 never executed (throw)
    #####:  130:        getline(cin>>ws,cadrudidactic);
    %%%%%:  130-block  0
call    0 never executed
branch  1 never executed (fallthrough)
branch  2 never executed (throw)
    %%%%%:  130-block  1
call    3 never executed
branch  4 never executed (fallthrough)
branch  5 never executed (throw)
    #####:  131:    srv.addContract(denumire,cadrudidactic);
    %%%%%:  131-block  0
call    0 never executed
branch  1 never executed (fallthrough)
branch  2 never executed (throw)
    #####:  132:    }
    %%%%%:  132-block  0
call    0 never executed
call    1 never executed
    $$$$$:  132-block  1
call    2 never executed
    $$$$$:  132-block  2
call    3 never executed
    #####:  133:    if(opt==2){
    %%%%%:  133-block  0
branch  0 never executed (fallthrough)
branch  1 never executed
    #####:  134:        srv.emptyContract();
    %%%%%:  134-block  0
call    0 never executed
branch  1 never executed (fallthrough)
branch  2 never executed (throw)
        -:  135:    }
    #####:  136:    if(opt==3){
    %%%%%:  136-block  0
branch  0 never executed (fallthrough)
branch  1 never executed
    #####:  137:        cout<<"Introduceti numarul de materii";
    %%%%%:  137-block  0
call    0 never executed
branch  1 never executed (fallthrough)
branch  2 never executed (throw)
        -:  138:        int n;
    #####:  139:        cin>>n;
    %%%%%:  139-block  0
call    0 never executed
branch  1 never executed (fallthrough)
branch  2 never executed (throw)
    #####:  140:        try{srv.generateContract(n);}
    %%%%%:  140-block  0
call    0 never executed
branch  1 never executed (fallthrough)
branch  2 never executed (throw)
    =====:  141:        catch (RepoException& re){
    $$$$$:  141-block  0
branch  0 never executed (fallthrough)
branch  1 never executed
    $$$$$:  141-block  1
call    2 never executed
    =====:  142:            cout<<re.getErrorMessage()<<endl;
call    0 never executed
branch  1 never executed (fallthrough)
branch  2 never executed (throw)
    $$$$$:  142-block  0
call    3 never executed
branch  4 never executed (fallthrough)
branch  5 never executed (throw)
    $$$$$:  142-block  1
call    6 never executed
branch  7 never executed (fallthrough)
branch  8 never executed (throw)
    $$$$$:  142-block  2
call    9 never executed
    $$$$$:  142-block  3
call   10 never executed
    $$$$$:  142-block  4
    =====:  143:        }
call    0 never executed
branch  1 never executed (fallthrough)
branch  2 never executed (throw)
    $$$$$:  143-block  0
call    3 never executed
        -:  144:    }
    #####:  145:    if(opt==4){
    %%%%%:  145-block  0
branch  0 never executed (fallthrough)
branch  1 never executed
    #####:  146:        cout<<"Introduceti numele fisierului(.csv) pentru a exporta ";
    %%%%%:  146-block  0
call    0 never executed
branch  1 never executed (fallthrough)
branch  2 never executed (throw)
    #####:  147:        string fisier;
    %%%%%:  147-block  0
call    0 never executed
    #####:  148:        getline(cin>>ws,fisier);
call    0 never executed
branch  1 never executed (fallthrough)
branch  2 never executed (throw)
    %%%%%:  148-block  0
call    3 never executed
branch  4 never executed (fallthrough)
branch  5 never executed (throw)
    #####:  149:        std::ofstream fout(fisier);
    %%%%%:  149-block  0
call    0 never executed
branch  1 never executed (fallthrough)
branch  2 never executed (throw)
    #####:  150:        if (!fout.is_open()) {
    %%%%%:  150-block  0
call    0 never executed
branch  1 never executed (fallthrough)
branch  2 never executed
    #####:  151:            std::cout << "Error opening file: " << endl;
    %%%%%:  151-block  0
call    0 never executed
branch  1 never executed (fallthrough)
branch  2 never executed (throw)
    %%%%%:  151-block  1
call    3 never executed
branch  4 never executed (fallthrough)
branch  5 never executed (throw)
    #####:  152:            return;
    %%%%%:  152-block  0
        -:  153:        }
    #####:  154:        const vector<Disciplina>& allDiscipline=srv.getAllFromContract();
    %%%%%:  154-block  0
call    0 never executed
    #####:  155:        for (auto it = allDiscipline.begin(); it != allDiscipline.end(); ++it) {
call    0 never executed
    %%%%%:  155-block  0
call    1 never executed
    %%%%%:  155-block  1
call    2 never executed
call    3 never executed
branch  4 never executed
branch  5 never executed (fallthrough)
    #####:  156:            fout << *it;
    %%%%%:  156-block  0
call    0 never executed
call    1 never executed
branch  2 never executed (fallthrough)
branch  3 never executed (throw)
    #####:  157:            if (next(it) != allDiscipline.end()) {
    %%%%%:  157-block  0
call    0 never executed
    %%%%%:  157-block  1
call    1 never executed
branch  2 never executed (fallthrough)
branch  3 never executed
    #####:  158:                int ok=0;
    %%%%%:  158-block  0
        -:  159:            }
        -:  160:        }
    #####:  161:        fout.close();
    %%%%%:  161-block  0
call    0 never executed
branch  1 never executed (fallthrough)
branch  2 never executed (throw)
    #####:  162:        cout<<"Export cu succes\n";
    %%%%%:  162-block  0
call    0 never executed
branch  1 never executed (fallthrough)
branch  2 never executed (throw)
        -:  163:
    #####:  164:    }
    %%%%%:  164-block  0
    %%%%%:  164-block  1
call    0 never executed
branch  1 never executed (fallthrough)
branch  2 never executed
    %%%%%:  164-block  2
    %%%%%:  164-block  3
call    3 never executed
branch  4 never executed (fallthrough)
branch  5 never executed
    $$$$$:  164-block  4
call    6 never executed
    $$$$$:  164-block  5
call    7 never executed
    #####:  165:    const vector<Disciplina>& allDiscipline=srv.getAllFromContract();
    %%%%%:  165-block  0
call    0 never executed
    #####:  166:    cout<<"Contractul dumneavoastra este:"<<endl;
call    0 never executed
branch  1 never executed (fallthrough)
branch  2 never executed (throw)
    %%%%%:  166-block  0
call    3 never executed
branch  4 never executed (fallthrough)
branch  5 never executed (throw)
    #####:  167:    if(allDiscipline.empty())
    %%%%%:  167-block  0
call    0 never executed
branch  1 never executed (fallthrough)
branch  2 never executed
    #####:  168:        cout<<"Nu exista discipline"<<endl;
    %%%%%:  168-block  0
call    0 never executed
branch  1 never executed (fallthrough)
branch  2 never executed (throw)
    %%%%%:  168-block  1
call    3 never executed
branch  4 never executed (fallthrough)
branch  5 never executed (throw)
        -:  169:    else
    #####:  170:        for(const auto& disci:allDiscipline)
    %%%%%:  170-block  0
call    0 never executed
call    1 never executed
    %%%%%:  170-block  1
call    2 never executed
    %%%%%:  170-block  2
call    3 never executed
    %%%%%:  170-block  3
call    4 never executed
branch  5 never executed
branch  6 never executed (fallthrough)
    #####:  171:            cout<<disci<<endl;
call    0 never executed
branch  1 never executed (fallthrough)
branch  2 never executed (throw)
    %%%%%:  171-block  0
call    3 never executed
branch  4 never executed (fallthrough)
branch  5 never executed (throw)
        -:  172:}
function _ZN9ConsoleUI4loadEv called 0 returned 0% blocks executed 0%
    #####:  173:void ConsoleUI::load(){
    #####:  174:    srv.addDisciplina("Analiza",8,"Mate","Berinde");
    %%%%%:  174-block  0
    %%%%%:  174-block  1
call    0 never executed
branch  1 never executed (fallthrough)
branch  2 never executed (throw)
    %%%%%:  174-block  2
call    3 never executed
branch  4 never executed (fallthrough)
branch  5 never executed (throw)
    %%%%%:  174-block  3
call    6 never executed
branch  7 never executed (fallthrough)
branch  8 never executed (throw)
    %%%%%:  174-block  4
call    9 never executed
branch 10 never executed (fallthrough)
branch 11 never executed (throw)
    %%%%%:  174-block  5
call   12 never executed
call   13 never executed
call   14 never executed
    $$$$$:  174-block  6
call   15 never executed
    $$$$$:  174-block  7
    $$$$$:  174-block  8
    $$$$$:  174-block  9
call   16 never executed
    $$$$$:  174-block 10
    $$$$$:  174-block 11
    $$$$$:  174-block 12
call   17 never executed
    $$$$$:  174-block 13
    $$$$$:  174-block 14
call   18 never executed
    #####:  175:    srv.addDisciplina("Algebra",8,"Mate","Modoi");
    %%%%%:  175-block  0
call    0 never executed
branch  1 never executed (fallthrough)
branch  2 never executed (throw)
    %%%%%:  175-block  1
call    3 never executed
branch  4 never executed (fallthrough)
branch  5 never executed (throw)
    %%%%%:  175-block  2
call    6 never executed
branch  7 never executed (fallthrough)
branch  8 never executed (throw)
    %%%%%:  175-block  3
call    9 never executed
branch 10 never executed (fallthrough)
branch 11 never executed (throw)
    %%%%%:  175-block  4
call   12 never executed
call   13 never executed
call   14 never executed
    $$$$$:  175-block  5
call   15 never executed
    $$$$$:  175-block  6
    $$$$$:  175-block  7
    $$$$$:  175-block  8
call   16 never executed
    $$$$$:  175-block  9
    $$$$$:  175-block 10
    $$$$$:  175-block 11
call   17 never executed
    $$$$$:  175-block 12
    $$$$$:  175-block 13
call   18 never executed
    #####:  176:    srv.addDisciplina("ASC",8,"Mate","King");
    %%%%%:  176-block  0
call    0 never executed
branch  1 never executed (fallthrough)
branch  2 never executed (throw)
    %%%%%:  176-block  1
call    3 never executed
branch  4 never executed (fallthrough)
branch  5 never executed (throw)
    %%%%%:  176-block  2
call    6 never executed
branch  7 never executed (fallthrough)
branch  8 never executed (throw)
    %%%%%:  176-block  3
call    9 never executed
branch 10 never executed (fallthrough)
branch 11 never executed (throw)
    %%%%%:  176-block  4
call   12 never executed
call   13 never executed
call   14 never executed
    $$$$$:  176-block  5
call   15 never executed
    $$$$$:  176-block  6
    $$$$$:  176-block  7
    $$$$$:  176-block  8
call   16 never executed
    $$$$$:  176-block  9
    $$$$$:  176-block 10
    $$$$$:  176-block 11
call   17 never executed
    $$$$$:  176-block 12
    $$$$$:  176-block 13
call   18 never executed
    #####:  177:    srv.addDisciplina("FP",8,"Mate","Istvanc");
    %%%%%:  177-block  0
call    0 never executed
branch  1 never executed (fallthrough)
branch  2 never executed (throw)
    %%%%%:  177-block  1
call    3 never executed
branch  4 never executed (fallthrough)
branch  5 never executed (throw)
    %%%%%:  177-block  2
call    6 never executed
branch  7 never executed (fallthrough)
branch  8 never executed (throw)
    %%%%%:  177-block  3
call    9 never executed
branch 10 never executed (fallthrough)
branch 11 never executed (throw)
    %%%%%:  177-block  4
call   12 never executed
call   13 never executed
call   14 never executed
    $$$$$:  177-block  5
call   15 never executed
    $$$$$:  177-block  6
    $$$$$:  177-block  7
    $$$$$:  177-block  8
call   16 never executed
    $$$$$:  177-block  9
    $$$$$:  177-block 10
    $$$$$:  177-block 11
call   17 never executed
    $$$$$:  177-block 12
    #####:  178:}
function _ZN9ConsoleUI4undoEv called 0 returned 0% blocks executed 0%
    #####:  179:void ConsoleUI::undo(){
    #####:  180:    srv.undo();
    %%%%%:  180-block  0
call    0 never executed
    #####:  181:}
function _ZN9ConsoleUI3runEv called 0 returned 0% blocks executed 0%
    #####:  182:void ConsoleUI::run() {
    #####:  183:    int running=1;
        -:  184:    int cmd;
    #####:  185:    while(running){
    %%%%%:  185-block  0
    %%%%%:  185-block  1
branch  0 never executed
branch  1 never executed (fallthrough)
    #####:  186:        printMenu();
    %%%%%:  186-block  0
call    0 never executed
branch  1 never executed (fallthrough)
branch  2 never executed (throw)
    #####:  187:        cout<<"Comanda dvs este : ";
    %%%%%:  187-block  0
call    0 never executed
branch  1 never executed (fallthrough)
branch  2 never executed (throw)
    #####:  188:        cin>>cmd;
    %%%%%:  188-block  0
call    0 never executed
branch  1 never executed (fallthrough)
branch  2 never executed (throw)
    #####:  189:        switch (cmd) {
    %%%%%:  189-block  0
branch  0 never executed
branch  1 never executed
branch  2 never executed
branch  3 never executed
branch  4 never executed
branch  5 never executed
branch  6 never executed
branch  7 never executed
branch  8 never executed
branch  9 never executed
branch 10 never executed
    #####:  190:            case 1:
    #####:  191:                addui();
    %%%%%:  191-block  0
call    0 never executed
branch  1 never executed (fallthrough)
branch  2 never executed (throw)
    #####:  192:                break;
    %%%%%:  192-block  0
    #####:  193:            case 2:
    #####:  194:                modifyui();
    %%%%%:  194-block  0
call    0 never executed
    #####:  195:                break;
    #####:  196:            case 3:
    #####:  197:                deleteui();
    %%%%%:  197-block  0
call    0 never executed
branch  1 never executed (fallthrough)
branch  2 never executed (throw)
    #####:  198:                break;
    %%%%%:  198-block  0
    #####:  199:            case 4:
    #####:  200:                findui();
    %%%%%:  200-block  0
call    0 never executed
branch  1 never executed (fallthrough)
branch  2 never executed (throw)
    #####:  201:                break;
    %%%%%:  201-block  0
    #####:  202:            case 5:
    #####:  203:                filterui();
    %%%%%:  203-block  0
call    0 never executed
branch  1 never executed (fallthrough)
branch  2 never executed (throw)
    #####:  204:                break;
    %%%%%:  204-block  0
    #####:  205:            case 6:
    #####:  206:                sortui();
    %%%%%:  206-block  0
call    0 never executed
branch  1 never executed (fallthrough)
branch  2 never executed (throw)
    #####:  207:                break;
    %%%%%:  207-block  0
    #####:  208:            case 7:
    #####:  209:                printall();
    %%%%%:  209-block  0
call    0 never executed
branch  1 never executed (fallthrough)
branch  2 never executed (throw)
    #####:  210:                break;
    %%%%%:  210-block  0
    #####:  211:            case 8:
    #####:  212:                running=0;
    #####:  213:                break;
    %%%%%:  213-block  0
    #####:  214:            case 9:
    #####:  215:                contract();
    %%%%%:  215-block  0
call    0 never executed
branch  1 never executed (fallthrough)
branch  2 never executed (throw)
    #####:  216:                break;
    %%%%%:  216-block  0
    #####:  217:            case 10:
    #####:  218:                undo();
    %%%%%:  218-block  0
call    0 never executed
branch  1 never executed (fallthrough)
branch  2 never executed (throw)
    #####:  219:                break;
    %%%%%:  219-block  0
    #####:  220:            default:
    #####:  221:                cout<<"Comanda invalida\n";
    %%%%%:  221-block  0
call    0 never executed
branch  1 never executed (fallthrough)
branch  2 never executed (throw)
    #####:  222:                break;
    %%%%%:  222-block  0
        -:  223:        }
        -:  224:    }
        -:  225:
    #####:  226:}
    %%%%%:  226-block  0
